2026-02-13 04:46:24 +00:00: ­Ъџђ ТЮЙС╣ЃТюежБ»т║Ќ тЈЌС╗ўсѓисѓ╣сЃєсЃаУхитІЋ
2026-02-13 04:46:24 +00:00: ­ЪЊА сѓхсЃ╝сЃљсЃ╝: http://localhost:3000
2026-02-13 04:46:24 +00:00: ­ЪЉЦ СИђУѕгтЈЌС╗ў: http://localhost:3000
2026-02-13 04:46:24 +00:00: ­ЪћД у«Ауљєућ╗жЮб: http://localhost:3000/admin
2026-02-13 04:46:24 +00:00: ­ЪЊі тЙЁсЂАухёТЋ░: 0ухё
2026-02-13 04:46:24 +00:00: ­ЪЊѕ ТюгТЌЦу┤»Уеѕ: 0ухё
2026-02-13 04:46:27 +00:00: ­Ъћї сѓ»сЃЕсѓцсѓбсЃ│сЃѕТјЦуХџ: C6FW9jB0595RowF_AAAB
2026-02-13 04:48:08 +00:00: ­Ъћї сѓ»сЃЕсѓцсѓбсЃ│сЃѕТјЦуХџ: d2rVxOjYJ9626fL6AAAD
2026-02-13 04:48:28 +00:00: ­Ъћї сѓ»сЃЕсѓцсѓбсЃ│сЃѕтѕЄТќГ: C6FW9jB0595RowF_AAAB
2026-02-13 04:53:35 +00:00: ­Ъћї сѓ»сЃЕсѓцсѓбсЃ│сЃѕТјЦуХџ: sNcDTusRjb_D_ferAAAF
2026-02-13 04:53:55 +00:00: ­Ъћї сѓ»сЃЕсѓцсѓбсЃ│сЃѕТјЦуХџ: QpnJf2flFFmUNF9HAAAH
2026-02-13 04:54:03 +00:00: РюЁ Тќ░УдЈтЈЌС╗ў: S-1 (тцДС║║6/тГљ0/т╣╝0)
2026-02-13 05:00:09 +00:00: РюЁ Тќ░УдЈтЈЌС╗ў: S-2 (тцДС║║6/тГљ0/т╣╝0)
2026-02-13 05:07:12 +00:00: ­Ъћї сѓ»сЃЕсѓцсѓбсЃ│сЃѕТјЦуХџ: 61nvvDoEwi17z7qPAAAJ
2026-02-13 05:07:49 +00:00: ­Ъћї сѓ»сЃЕсѓцсѓбсЃ│сЃѕтѕЄТќГ: d2rVxOjYJ9626fL6AAAD
2026-02-13 05:14:17 +00:00: ­Ъћї сѓ»сЃЕсѓцсѓбсЃ│сЃѕТјЦуХџ: DiiYSRN9WMFkGUXFAAAL
2026-02-13 05:19:19 +00:00: ­Ъћї сѓ»сЃЕсѓцсѓбсЃ│сЃѕтѕЄТќГ: 61nvvDoEwi17z7qPAAAJ
2026-02-13 05:19:26 +00:00: ­Ъћї сѓ»сЃЕсѓцсѓбсЃ│сЃѕтѕЄТќГ: QpnJf2flFFmUNF9HAAAH
2026-02-13 05:19:29 +00:00: ­Ъћї сѓ»сЃЕсѓцсѓбсЃ│сЃѕТјЦуХџ: CbPqnYfeSmaCdUd0AAAN
2026-02-13 05:19:30 +00:00: ­Ъћї сѓ»сЃЕсѓцсѓбсЃ│сЃѕтѕЄТќГ: sNcDTusRjb_D_ferAAAF
2026-02-13 05:19:32 +00:00: РюЁ Тќ░УдЈтЈЌС╗ў: W-3 (тцДС║║2/тГљ0/т╣╝0)
2026-02-13 05:19:39 +00:00: ­Ъћї сѓ»сЃЕсѓцсѓбсЃ│сЃѕтѕЄТќГ: DiiYSRN9WMFkGUXFAAAL
2026-02-13 05:19:46 +00:00: ­Ъћї сѓ»сЃЕсѓцсѓбсЃ│сЃѕтѕЄТќГ: CbPqnYfeSmaCdUd0AAAN
2026-02-13 05:19:47 +00:00: ­Ъћї сѓ»сЃЕсѓцсѓбсЃ│сЃѕТјЦуХџ: VVyQTWD4vOY1Cw25AAAP
2026-02-13 05:19:52 +00:00: ­Ъћї сѓ»сЃЕсѓцсѓбсЃ│сЃѕТјЦуХџ: OfAgWIZk6TKVpwYCAAAU
2026-02-13 05:19:52 +00:00: ­Ъћї сѓ»сЃЕсѓцсѓбсЃ│сЃѕТјЦуХџ: 2nvlXPEtJNFydd-AAAAV
2026-02-13 05:19:54 +00:00: ­Ъћї сѓ»сЃЕсѓцсѓбсЃ│сЃѕТјЦуХџ: DugFU0JJAChqjQ5yAAAX
2026-02-13 05:23:57 +00:00: ­Ъћї сѓ»сЃЕсѓцсѓбсЃ│сЃѕТјЦуХџ: ZbKKltwroeT4CKO5AAAZ
2026-02-13 05:24:02 +00:00: ­Ъћї сѓ»сЃЕсѓцсѓбсЃ│сЃѕтѕЄТќГ: ZbKKltwroeT4CKO5AAAZ
2026-02-13 05:24:05 +00:00: ­Ъћї сѓ»сЃЕсѓцсѓбсЃ│сЃѕТјЦуХџ: xLrKU_1ufRn_uZ7CAAAb
2026-02-13 05:24:15 +00:00: РюЁ ТАѕтєЁт«їС║є: S-1
2026-02-13 05:24:17 +00:00: РюЁ ТАѕтєЁт«їС║є: S-2
2026-02-13 05:24:19 +00:00: РюЁ ТАѕтєЁт«їС║є: W-3
2026-02-13 05:24:30 +00:00: РќХ№ИЈ тЈЌС╗ўтєЇжќІ
2026-02-13 05:24:33 +00:00: ­Ъћї сѓ»сЃЕсѓцсѓбсЃ│сЃѕтѕЄТќГ: xLrKU_1ufRn_uZ7CAAAb
2026-02-13 05:24:36 +00:00: ­Ъћї сѓ»сЃЕсѓцсѓбсЃ│сЃѕТјЦуХџ: w7HvUAYV6sLMeB6rAAAd
2026-02-13 05:24:39 +00:00: РюЁ Тќ░УдЈтЈЌС╗ў: S-4 (тцДС║║2/тГљ0/т╣╝0)
2026-02-13 05:24:53 +00:00: РюЁ Тќ░УдЈтЈЌС╗ў: S-5 (тцДС║║2/тГљ0/т╣╝0)
2026-02-13 05:25:02 +00:00: РюЁ Тќ░УдЈтЈЌС╗ў: S-6 (тцДС║║6/тГљ0/т╣╝0)
2026-02-13 05:27:07 +00:00: ­Ъћї сѓ»сЃЕсѓцсѓбсЃ│сЃѕТјЦуХџ: 3wuV7war1cqFhfXPAAAf
2026-02-13 05:27:36 +00:00: ­Ъћї сѓ»сЃЕсѓцсѓбсЃ│сЃѕтѕЄТќГ: 3wuV7war1cqFhfXPAAAf
2026-02-13 05:27:37 +00:00: ­Ъћї сѓ»сЃЕсѓцсѓбсЃ│сЃѕТјЦуХџ: i5YmkJZOTfcT2ZauAAAh
2026-02-13 05:28:12 +00:00: ­Ъћї сѓ»сЃЕсѓцсѓбсЃ│сЃѕтѕЄТќГ: i5YmkJZOTfcT2ZauAAAh
2026-02-13 05:28:13 +00:00: ­Ъћї сѓ»сЃЕсѓцсѓбсЃ│сЃѕТјЦуХџ: lf-qpkONyotMmBeYAAAj
2026-02-13 05:29:20 +00:00: ­Ъћї сѓ»сЃЕсѓцсѓбсЃ│сЃѕтѕЄТќГ: lf-qpkONyotMmBeYAAAj
2026-02-13 05:29:32 +00:00: ­Ъћї сѓ»сЃЕсѓцсѓбсЃ│сЃѕТјЦуХџ: Hny-EmEV1imDnaE5AAAl
2026-02-13 05:30:02 +00:00: ­Ъћї сѓ»сЃЕсѓцсѓбсЃ│сЃѕТјЦуХџ: CaWW9HaGIqT37tFCAAAn
2026-02-13 05:30:02 +00:00: ­Ъћї сѓ»сЃЕсѓцсѓбсЃ│сЃѕТјЦуХџ: SgW8x5krRfnBM7QYAAAp
2026-02-13 05:30:16 +00:00: ­Ъћї сѓ»сЃЕсѓцсѓбсЃ│сЃѕтѕЄТќГ: SgW8x5krRfnBM7QYAAAp
2026-02-13 05:30:20 +00:00: ­Ъћї сѓ»сЃЕсѓцсѓбсЃ│сЃѕтѕЄТќГ: Hny-EmEV1imDnaE5AAAl
2026-02-13 05:30:26 +00:00: ­Ъћї сѓ»сЃЕсѓцсѓбсЃ│сЃѕТјЦуХџ: 0rnnJ5Lo0bxZMEIVAAAr
2026-02-13 05:30:44 +00:00: ­Ъћї сѓ»сЃЕсѓцсѓбсЃ│сЃѕтѕЄТќГ: 0rnnJ5Lo0bxZMEIVAAAr
2026-02-13 05:30:48 +00:00: ­Ъћї сѓ»сЃЕсѓцсѓбсЃ│сЃѕтѕЄТќГ: CaWW9HaGIqT37tFCAAAn
2026-02-13 05:30:50 +00:00: ­Ъћї сѓ»сЃЕсѓцсѓбсЃ│сЃѕТјЦуХџ: Qorte6yeTMzuzdTZAAAt
2026-02-13 05:39:38 +00:00: ­Ъћї сѓ»сЃЕсѓцсѓбсЃ│сЃѕтѕЄТќГ: 2nvlXPEtJNFydd-AAAAV
2026-02-13 05:44:44 +00:00: ­Ъћї сѓ»сЃЕсѓцсѓбсЃ│сЃѕтѕЄТќГ: OfAgWIZk6TKVpwYCAAAU
2026-02-13 05:50:25 +00:00: ­Ъћї сѓ»сЃЕсѓцсѓбсЃ│сЃѕТјЦуХџ: k2_ZHhd83kpiF5H8AAAv
2026-02-13 05:50:32 +00:00: ­Ъћї сѓ»сЃЕсѓцсѓбсЃ│сЃѕтѕЄТќГ: k2_ZHhd83kpiF5H8AAAv
2026-02-13 05:53:59 +00:00: ­Ъћї сѓ»сЃЕсѓцсѓбсЃ│сЃѕТјЦуХџ: rfpavPftgAFl6Aa2AAAx
2026-02-13 05:54:06 +00:00: ­Ъћї сѓ»сЃЕсѓцсѓбсЃ│сЃѕтѕЄТќГ: rfpavPftgAFl6Aa2AAAx
2026-02-13 05:55:05 +00:00: ­Ъћї сѓ»сЃЕсѓцсѓбсЃ│сЃѕтѕЄТќГ: DugFU0JJAChqjQ5yAAAX
2026-02-13 05:58:00 +00:00: ­Ъћї сѓ»сЃЕсѓцсѓбсЃ│сЃѕТјЦуХџ: 7tzZ_Jx_G6RfjOOYAAA0
2026-02-13 05:58:43 +00:00: ­Ъћї сѓ»сЃЕсѓцсѓбсЃ│сЃѕтѕЄТќГ: 7tzZ_Jx_G6RfjOOYAAA0
2026-02-13 06:19:15 +00:00: ­Ъћї сѓ»сЃЕсѓцсѓбсЃ│сЃѕТјЦуХџ: AfGIafC7AvEYXP8JAAA2
2026-02-13 06:35:08 +00:00: ­Ъћї сѓ»сЃЕсѓцсѓбсЃ│сЃѕтѕЄТќГ: AfGIafC7AvEYXP8JAAA2
2026-02-13 06:38:25 +00:00: ­Ъћї сѓ»сЃЕсѓцсѓбсЃ│сЃѕТјЦуХџ: _JiSSEH3qGqUrM-fAAA4
2026-02-13 06:38:30 +00:00: ­Ъћї сѓ»сЃЕсѓцсѓбсЃ│сЃѕтѕЄТќГ: _JiSSEH3qGqUrM-fAAA4
2026-02-13 06:38:33 +00:00: ­Ъћї сѓ»сЃЕсѓцсѓбсЃ│сЃѕТјЦуХџ: uCJzEek-3PCOuPdVAAA6
2026-02-13 06:38:40 +00:00: ­Ъћї сѓ»сЃЕсѓцсѓбсЃ│сЃѕТјЦуХџ: AJQA84GvVb9jgwnQAAA8
2026-02-13 06:38:55 +00:00: РюЁ ТАѕтєЁт«їС║є: S-4
2026-02-13 06:38:58 +00:00: РюЁ ТАѕтєЁт«їС║є: S-5
2026-02-13 06:39:00 +00:00: РюЁ ТАѕтєЁт«їС║є: S-6
2026-02-13 06:48:39 +00:00: ­Ъћї сѓ»сЃЕсѓцсѓбсЃ│сЃѕтѕЄТќГ: uCJzEek-3PCOuPdVAAA6
2026-02-13 06:48:39 +00:00: ­Ъћї сѓ»сЃЕсѓцсѓбсЃ│сЃѕтѕЄТќГ: AJQA84GvVb9jgwnQAAA8
2026-02-13 06:48:59 +00:00: ­Ъћї сѓ»сЃЕсѓцсѓбсЃ│сЃѕтѕЄТќГ: VVyQTWD4vOY1Cw25AAAP
2026-02-13 07:21:10 +00:00: ­Ъћї сѓ»сЃЕсѓцсѓбсЃ│сЃѕтѕЄТќГ: Qorte6yeTMzuzdTZAAAt
2026-02-13 07:21:10 +00:00: ­Ъћї сѓ»сЃЕсѓцсѓбсЃ│сЃѕТјЦуХџ: JJh0oxwdyZtGpo9dAAA-
2026-02-13 07:21:55 +00:00: ­Ъћї сѓ»сЃЕсѓцсѓбсЃ│сЃѕтѕЄТќГ: JJh0oxwdyZtGpo9dAAA-
2026-02-13 07:35:07 +00:00: ­Ъћї сѓ»сЃЕсѓцсѓбсЃ│сЃѕТјЦуХџ: U7v9m-RNj4qQ8Ot1AABA
2026-02-13 07:35:09 +00:00: РюЁ Тќ░УдЈтЈЌС╗ў: W-7 (тцДС║║2/тГљ0/т╣╝0)
2026-02-13 07:35:22 +00:00: ­Ъћї сѓ»сЃЕсѓцсѓбсЃ│сЃѕтѕЄТќГ: U7v9m-RNj4qQ8Ot1AABA
2026-02-13 07:35:33 +00:00: ­Ъћї сѓ»сЃЕсѓцсѓбсЃ│сЃѕТјЦуХџ: Iy1FUc9V47J_ioe1AABC
2026-02-13 07:35:35 +00:00: РюЁ Тќ░УдЈтЈЌС╗ў: S-8 (тцДС║║2/тГљ0/т╣╝0)
2026-02-13 07:35:46 +00:00: РюЁ Тќ░УдЈтЈЌС╗ў: S-9 (тцДС║║2/тГљ0/т╣╝0)
2026-02-13 07:35:54 +00:00: РюЁ Тќ░УдЈтЈЌС╗ў: S-10 (тцДС║║2/тГљ0/т╣╝0)
2026-02-13 07:36:10 +00:00: ­Ъћї сѓ»сЃЕсѓцсѓбсЃ│сЃѕтѕЄТќГ: Iy1FUc9V47J_ioe1AABC
2026-02-13 07:36:16 +00:00: ­Ъћї сѓ»сЃЕсѓцсѓбсЃ│сЃѕТјЦуХџ: ThrUFVDSCxgw-rHTAABE
2026-02-13 07:36:37 +00:00: РюЁ ТАѕтєЁт«їС║є: S-10
2026-02-13 07:36:39 +00:00: РюЁ ТАѕтєЁт«їС║є: S-8
2026-02-13 07:36:40 +00:00: РюЁ ТАѕтєЁт«їС║є: S-9
2026-02-13 07:36:43 +00:00: РюЁ ТАѕтєЁт«їС║є: W-7
2026-02-13 07:36:56 +00:00: ­Ъћї сѓ»сЃЕсѓцсѓбсЃ│сЃѕтѕЄТќГ: ThrUFVDSCxgw-rHTAABE
2026-02-13 07:37:42 +00:00: ­Ъћї сѓ»сЃЕсѓцсѓбсЃ│сЃѕТјЦуХџ: UjQYRkbCy3CaL3AUAABG
2026-02-13 07:38:57 +00:00: ­Ъћї сѓ»сЃЕсѓцсѓбсЃ│сЃѕТјЦуХџ: gZE_yzopHw_KBb4mAABI
2026-02-13 07:39:17 +00:00: ­Ъћї сѓ»сЃЕсѓцсѓбсЃ│сЃѕтѕЄТќГ: UjQYRkbCy3CaL3AUAABG
2026-02-13 07:39:23 +00:00: ­Ъћї сѓ»сЃЕсѓцсѓбсЃ│сЃѕТјЦуХџ: 6eZDeEcSS6ORh4jCAABK
2026-02-13 07:39:25 +00:00: РюЁ Тќ░УдЈтЈЌС╗ў: W-11 (тцДС║║2/тГљ0/т╣╝0)
2026-02-13 07:39:42 +00:00: ­Ъћї сѓ»сЃЕсѓцсѓбсЃ│сЃѕтѕЄТќГ: 6eZDeEcSS6ORh4jCAABK
2026-02-13 07:39:51 +00:00: ­Ъћї сѓ»сЃЕсѓцсѓбсЃ│сЃѕТјЦуХџ: 57U0BGHe_8SEKbznAABM
2026-02-13 07:39:59 +00:00: РюЁ Тќ░УдЈтЈЌС╗ў: S-12 (тцДС║║2/тГљ0/т╣╝0)
2026-02-13 07:40:07 +00:00: ­Ъћї сѓ»сЃЕсѓцсѓбсЃ│сЃѕтѕЄТќГ: 57U0BGHe_8SEKbznAABM
2026-02-13 07:40:07 +00:00: ­Ъћї сѓ»сЃЕсѓцсѓбсЃ│сЃѕтѕЄТќГ: gZE_yzopHw_KBb4mAABI
2026-02-13 07:40:09 +00:00: ­Ъћї сѓ»сЃЕсѓцсѓбсЃ│сЃѕТјЦуХџ: ZK0EplxcjsSoM5gOAABO
2026-02-13 07:40:10 +00:00: ­Ъћї сѓ»сЃЕсѓцсѓбсЃ│сЃѕТјЦуХџ: 5psDRRTrZJwar_b2AABQ
2026-02-13 07:40:31 +00:00: РюЁ ТАѕтєЁт«їС║є: W-11
2026-02-13 07:40:33 +00:00: РюЁ ТАѕтєЁт«їС║є: S-12
2026-02-13 07:40:39 +00:00: ­Ъћї сѓ»сЃЕсѓцсѓбсЃ│сЃѕтѕЄТќГ: ZK0EplxcjsSoM5gOAABO
2026-02-13 07:41:45 +00:00: ­Ъћї сѓ»сЃЕсѓцсѓбсЃ│сЃѕтѕЄТќГ: 5psDRRTrZJwar_b2AABQ
2026-02-13 08:02:42 +00:00: ­Ъћї сѓ»сЃЕсѓцсѓбсЃ│сЃѕтѕЄТќГ: w7HvUAYV6sLMeB6rAAAd
2026-02-13 08:03:34 +00:00: ­Ъћї сѓ»сЃЕсѓцсѓбсЃ│сЃѕТјЦуХџ: BaL0S_2M43Vy64eBAABS
2026-02-13 08:03:50 +00:00: ­Ъћї сѓ»сЃЕсѓцсѓбсЃ│сЃѕтѕЄТќГ: BaL0S_2M43Vy64eBAABS
2026-02-13 08:06:59 +00:00: ­Ъћї сѓ»сЃЕсѓцсѓбсЃ│сЃѕТјЦуХџ: SbuvJFAvveFQ7QpLAABU
2026-02-13 08:09:10 +00:00: ­Ъћї сѓ»сЃЕсѓцсѓбсЃ│сЃѕТјЦуХџ: kPvpEwOUlvucf_JXAABW
2026-02-13 08:09:29 +00:00: ­Ъћї сѓ»сЃЕсѓцсѓбсЃ│сЃѕТјЦуХџ: 9VPeEwItMdG6zTHfAABY
2026-02-13 08:09:50 +00:00: ­Ъћї сѓ»сЃЕсѓцсѓбсЃ│сЃѕтѕЄТќГ: SbuvJFAvveFQ7QpLAABU
2026-02-13 08:10:09 +00:00: ­Ъћї сѓ»сЃЕсѓцсѓбсЃ│сЃѕтѕЄТќГ: 9VPeEwItMdG6zTHfAABY
2026-02-13 08:10:11 +00:00: ­Ъћї сѓ»сЃЕсѓцсѓбсЃ│сЃѕТјЦуХџ: IAAZA7SrN6MinN01AABa
2026-02-13 08:10:12 +00:00: ­Ъћї сѓ»сЃЕсѓцсѓбсЃ│сЃѕТјЦуХџ: W6KOUsIu3mV0rhVXAABc
2026-02-13 08:10:18 +00:00: ­Ъћї сѓ»сЃЕсѓцсѓбсЃ│сЃѕтѕЄТќГ: W6KOUsIu3mV0rhVXAABc
2026-02-13 08:10:33 +00:00: ­Ъћї сѓ»сЃЕсѓцсѓбсЃ│сЃѕТјЦуХџ: Mz24fnXGjPi4yZ_qAABe
2026-02-13 08:10:56 +00:00: ­Ъћї сѓ»сЃЕсѓцсѓбсЃ│сЃѕтѕЄТќГ: IAAZA7SrN6MinN01AABa
2026-02-13 08:11:09 +00:00: ­Ъћї сѓ»сЃЕсѓцсѓбсЃ│сЃѕТјЦуХџ: 2tei7IEPlVeE-jdMAABg
2026-02-13 08:11:42 +00:00: ­Ъћї сѓ»сЃЕсѓцсѓбсЃ│сЃѕтѕЄТќГ: Mz24fnXGjPi4yZ_qAABe
2026-02-13 08:13:08 +00:00: ­Ъћї сѓ»сЃЕсѓцсѓбсЃ│сЃѕТјЦуХџ: Ig4rtW4TjLLhB73yAABi
2026-02-13 08:13:12 +00:00: ­Ъћї сѓ»сЃЕсѓцсѓбсЃ│сЃѕтѕЄТќГ: Ig4rtW4TjLLhB73yAABi
2026-02-13 08:13:15 +00:00: ­Ъћї сѓ»сЃЕсѓцсѓбсЃ│сЃѕТјЦуХџ: r3pCZTUZWUaR5wasAABk
2026-02-13 08:13:43 +00:00: ­Ъћї сѓ»сЃЕсѓцсѓбсЃ│сЃѕтѕЄТќГ: r3pCZTUZWUaR5wasAABk
2026-02-13 08:13:43 +00:00: ­Ъћї сѓ»сЃЕсѓцсѓбсЃ│сЃѕтѕЄТќГ: 2tei7IEPlVeE-jdMAABg
2026-02-13 08:15:03 +00:00: ­Ъћї сѓ»сЃЕсѓцсѓбсЃ│сЃѕТјЦуХџ: tKY1s4v1PSn931JrAABm
2026-02-13 08:15:07 +00:00: ­Ъћї сѓ»сЃЕсѓцсѓбсЃ│сЃѕтѕЄТќГ: kPvpEwOUlvucf_JXAABW
2026-02-13 08:15:07 +00:00: ­Ъћї сѓ»сЃЕсѓцсѓбсЃ│сЃѕтѕЄТќГ: tKY1s4v1PSn931JrAABm
2026-02-13 08:15:14 +00:00: ­Ъћї сѓ»сЃЕсѓцсѓбсЃ│сЃѕТјЦуХџ: l3i-DH3JcmfCBUi-AABo
2026-02-13 08:15:34 +00:00: ­Ъћї сѓ»сЃЕсѓцсѓбсЃ│сЃѕТјЦуХџ: WobsaLF57pYcF8RMAABq
2026-02-13 08:15:59 +00:00: ­Ъћї сѓ»сЃЕсѓцсѓбсЃ│сЃѕтѕЄТќГ: l3i-DH3JcmfCBUi-AABo
2026-02-13 08:16:14 +00:00: РюЁ Тќ░УдЈтЈЌС╗ў: W-13 (тцДС║║2/тГљ0/т╣╝0)
2026-02-13 08:16:54 +00:00: ­Ъћї сѓ»сЃЕсѓцсѓбсЃ│сЃѕтѕЄТќГ: WobsaLF57pYcF8RMAABq
2026-02-13 08:16:54 +00:00: ­Ъћї сѓ»сЃЕсѓцсѓбсЃ│сЃѕТјЦуХџ: LjZhrC8hF0FkBjTxAABs
2026-02-13 08:16:55 +00:00: ­Ъћї сѓ»сЃЕсѓцсѓбсЃ│сЃѕтѕЄТќГ: LjZhrC8hF0FkBjTxAABs
2026-02-13 08:16:56 +00:00: ­Ъћї сѓ»сЃЕсѓцсѓбсЃ│сЃѕТјЦуХџ: nXE_TE1n7lxHkPvPAABu
2026-02-13 08:17:11 +00:00: РюЁ ТАѕтєЁт«їС║є: W-13
2026-02-13 08:17:41 +00:00: ­Ъћї сѓ»сЃЕсѓцсѓбсЃ│сЃѕтѕЄТќГ: nXE_TE1n7lxHkPvPAABu
2026-02-13 08:25:25 +00:00: ­Ъћї сѓ»сЃЕсѓцсѓбсЃ│сЃѕТјЦуХџ: VkVA9OiFErgLAyNvAABw
2026-02-13 08:27:26 +00:00: ­Ъћї сѓ»сЃЕсѓцсѓбсЃ│сЃѕтѕЄТќГ: VkVA9OiFErgLAyNvAABw
2026-02-13 08:28:18 +00:00: ­Ъћї сѓ»сЃЕсѓцсѓбсЃ│сЃѕТјЦуХџ: cD-lu11ozIhUfiY5AABy
2026-02-13 08:28:39 +00:00: ­Ъћї сѓ»сЃЕсѓцсѓбсЃ│сЃѕтѕЄТќГ: cD-lu11ozIhUfiY5AABy
2026-02-13 08:28:46 +00:00: ­Ъћї сѓ»сЃЕсѓцсѓбсЃ│сЃѕТјЦуХџ: F7-9S890KMvWr2hCAAB0
2026-02-13 08:28:47 +00:00: ­Ъћї сѓ»сЃЕсѓцсѓбсЃ│сЃѕТјЦуХџ: B_d8l5IvNuCCFtvMAAB2
2026-02-13 08:29:14 +00:00: ­Ъћї сѓ»сЃЕсѓцсѓбсЃ│сЃѕтѕЄТќГ: F7-9S890KMvWr2hCAAB0
2026-02-13 08:29:14 +00:00: ­Ъћї сѓ»сЃЕсѓцсѓбсЃ│сЃѕтѕЄТќГ: B_d8l5IvNuCCFtvMAAB2
2026-02-13 08:29:39 +00:00: ­Ъћї сѓ»сЃЕсѓцсѓбсЃ│сЃѕТјЦуХџ: 3TIG7WnIGussTBcKAAB4
2026-02-13 08:31:07 +00:00: ­Ъћї сѓ»сЃЕсѓцсѓбсЃ│сЃѕтѕЄТќГ: 3TIG7WnIGussTBcKAAB4
2026-02-13 08:31:08 +00:00: ­Ъћї сѓ»сЃЕсѓцсѓбсЃ│сЃѕТјЦуХџ: gctstSH0XxL8ZVM1AAB6
2026-02-13 08:31:47 +00:00: ­Ъћї сѓ»сЃЕсѓцсѓбсЃ│сЃѕТјЦуХџ: rpGMwqRD__LFVQ_GAAB8
2026-02-13 08:32:07 +00:00: ­Ъћї сѓ»сЃЕсѓцсѓбсЃ│сЃѕТјЦуХџ: eOUqIi1EAPUjE0rJAAB-
2026-02-13 08:32:16 +00:00: РюЁ Тќ░УдЈтЈЌС╗ў: W-14 (тцДС║║6/тГљ0/т╣╝0)
2026-02-13 08:32:30 +00:00: РюЁ ТАѕтєЁт«їС║є: W-14
2026-02-13 08:32:47 +00:00: ­Ъћї сѓ»сЃЕсѓцсѓбсЃ│сЃѕТјЦуХџ: 0qyEacMhWMlOP3xkAACA
2026-02-13 08:32:49 +00:00: ­Ъћї сѓ»сЃЕсѓцсѓбсЃ│сЃѕТјЦуХџ: uyFPU6y3Mfz5QXS4AACC
2026-02-13 08:33:00 +00:00: ­ЪЊі ух▒УеѕсѓњсЃфсѓ╗сЃЃсЃѕсЂЌсЂЙсЂЌсЂЪ
2026-02-13 08:33:21 +00:00: ­Ъћї сѓ»сЃЕсѓцсѓбсЃ│сЃѕтѕЄТќГ: rpGMwqRD__LFVQ_GAAB8
2026-02-13 08:33:32 +00:00: ­Ъћї сѓ»сЃЕсѓцсѓбсЃ│сЃѕтѕЄТќГ: 0qyEacMhWMlOP3xkAACA
2026-02-13 08:34:36 +00:00: ­Ъћї сѓ»сЃЕсѓцсѓбсЃ│сЃѕтѕЄТќГ: eOUqIi1EAPUjE0rJAAB-
2026-02-13 08:34:55 +00:00: ­Ъћї сѓ»сЃЕсѓцсѓбсЃ│сЃѕТјЦуХџ: 3qpxWi9GzhlNLKhTAACE
2026-02-13 08:35:05 +00:00: ­Ъћї сѓ»сЃЕсѓцсѓбсЃ│сЃѕтѕЄТќГ: 3qpxWi9GzhlNLKhTAACE
2026-02-13 08:35:31 +00:00: РќХ№ИЈ тЈЌС╗ўтєЇжќІ
2026-02-13 08:35:38 +00:00: РќХ№ИЈ тЈЌС╗ўтєЇжќІ
2026-02-13 08:38:07 +00:00: ­Ъћї сѓ»сЃЕсѓцсѓбсЃ│сЃѕТјЦуХџ: SQz4JNEnzqtUd9LUAACG
2026-02-13 08:38:18 +00:00: ­Ъћї сѓ»сЃЕсѓцсѓбсЃ│сЃѕТјЦуХџ: 5QpiBVXteNg25p4qAACI
2026-02-13 08:38:37 +00:00: ­Ъћї сѓ»сЃЕсѓцсѓбсЃ│сЃѕТјЦуХџ: Un1LhmMO8g_tPQ_2AACK
2026-02-13 08:39:19 +00:00: ­Ъћї сѓ»сЃЕсѓцсѓбсЃ│сЃѕтѕЄТќГ: 5QpiBVXteNg25p4qAACI
2026-02-13 08:39:19 +00:00: ­Ъћї сѓ»сЃЕсѓцсѓбсЃ│сЃѕТјЦуХџ: Ngd2ncAp3Np-8vc1AACM
2026-02-13 08:39:23 +00:00: ­Ъћї сѓ»сЃЕсѓцсѓбсЃ│сЃѕТјЦуХџ: _HYSmxQlj0ObfRy7AACO
2026-02-13 08:39:29 +00:00: ­Ъћї сѓ»сЃЕсѓцсѓбсЃ│сЃѕТјЦуХџ: iNRqCKcKJox2uaYXAACQ
2026-02-13 08:39:30 +00:00: ­Ъћї сѓ»сЃЕсѓцсѓбсЃ│сЃѕТјЦуХџ: 31Pldp29fvnx3IZuAACS
2026-02-13 08:39:39 +00:00: ­Ъћї сѓ»сЃЕсѓцсѓбсЃ│сЃѕтѕЄТќГ: SQz4JNEnzqtUd9LUAACG
2026-02-13 08:39:39 +00:00: ­Ъћї сѓ»сЃЕсѓцсѓбсЃ│сЃѕтѕЄТќГ: Un1LhmMO8g_tPQ_2AACK
2026-02-13 08:39:43 +00:00: ­Ъћї сѓ»сЃЕсѓцсѓбсЃ│сЃѕтѕЄТќГ: gctstSH0XxL8ZVM1AAB6
2026-02-13 08:39:44 +00:00: ­Ъћї сѓ»сЃЕсѓцсѓбсЃ│сЃѕтѕЄТќГ: uyFPU6y3Mfz5QXS4AACC
2026-02-13 08:40:49 +00:00: ­Ъћї сѓ»сЃЕсѓцсѓбсЃ│сЃѕтѕЄТќГ: Ngd2ncAp3Np-8vc1AACM
2026-02-13 08:40:49 +00:00: ­Ъћї сѓ»сЃЕсѓцсѓбсЃ│сЃѕтѕЄТќГ: _HYSmxQlj0ObfRy7AACO
2026-02-13 08:44:53 +00:00: ­Ъћї сѓ»сЃЕсѓцсѓбсЃ│сЃѕТјЦуХџ: iEUp4jkgPuDEDBExAACU
2026-02-13 08:44:54 +00:00: ­Ъћї сѓ»сЃЕсѓцсѓбсЃ│сЃѕТјЦуХџ: cL6G1vvtqIksoM2xAACW
2026-02-13 08:45:19 +00:00: ­Ъћї сѓ»сЃЕсѓцсѓбсЃ│сЃѕтѕЄТќГ: iNRqCKcKJox2uaYXAACQ
2026-02-13 08:45:21 +00:00: ­Ъћї сѓ»сЃЕсѓцсѓбсЃ│сЃѕтѕЄТќГ: 31Pldp29fvnx3IZuAACS
2026-02-13 08:48:19 +00:00: РЈИ№ИЈ тЈЌС╗ўтЂюТГб
2026-02-13 08:48:22 +00:00: ­Ъћї сѓ»сЃЕсѓцсѓбсЃ│сЃѕТјЦуХџ: lJgLi7-xjkCHu213AACY
2026-02-13 08:48:30 +00:00: РќХ№ИЈ тЈЌС╗ўтєЇжќІ
2026-02-13 08:48:38 +00:00: ­Ъћї сѓ»сЃЕсѓцсѓбсЃ│сЃѕтѕЄТќГ: lJgLi7-xjkCHu213AACY
2026-02-13 08:49:00 +00:00: ­Ъћї сѓ»сЃЕсѓцсѓбсЃ│сЃѕТјЦуХџ: SMtLtCcq5msnlx_1AACb
2026-02-13 08:49:02 +00:00: ­Ъћї сѓ»сЃЕсѓцсѓбсЃ│сЃѕТјЦуХџ: vO0oH64SipUND7rIAACd
2026-02-13 08:49:10 +00:00: ­Ъћї сѓ»сЃЕсѓцсѓбсЃ│сЃѕтѕЄТќГ: vO0oH64SipUND7rIAACd
2026-02-13 08:49:10 +00:00: ­Ъћї сѓ»сЃЕсѓцсѓбсЃ│сЃѕтѕЄТќГ: SMtLtCcq5msnlx_1AACb
2026-02-13 08:49:44 +00:00: ­Ъћї сѓ»сЃЕсѓцсѓбсЃ│сЃѕТјЦуХџ: 2OIb-XP3eCBAghmlAACh
2026-02-13 08:49:51 +00:00: ­Ъћї сѓ»сЃЕсѓцсѓбсЃ│сЃѕтѕЄТќГ: 2OIb-XP3eCBAghmlAACh
2026-02-13 08:50:19 +00:00: ­Ъћї сѓ»сЃЕсѓцсѓбсЃ│сЃѕТјЦуХџ: RLYQCErW9DfOetZ_AACj
2026-02-13 08:50:21 +00:00: ­Ъћї сѓ»сЃЕсѓцсѓбсЃ│сЃѕТјЦуХџ: IYt3iH5F3zIx5nH_AACl
2026-02-13 08:50:38 +00:00: ­Ъћї сѓ»сЃЕсѓцсѓбсЃ│сЃѕтѕЄТќГ: iEUp4jkgPuDEDBExAACU
2026-02-13 08:50:38 +00:00: ­Ъћї сѓ»сЃЕсѓцсѓбсЃ│сЃѕтѕЄТќГ: cL6G1vvtqIksoM2xAACW
2026-02-13 08:51:41 +00:00: ­Ъћї сѓ»сЃЕсѓцсѓбсЃ│сЃѕТјЦуХџ: iAGnlkG5rXwxxQC5AACn
2026-02-13 08:51:41 +00:00: ­Ъћї сѓ»сЃЕсѓцсѓбсЃ│сЃѕТјЦуХџ: Q5W8atkPQ2dAFXiVAACp
2026-02-13 08:51:43 +00:00: ­Ъћї сѓ»сЃЕсѓцсѓбсЃ│сЃѕТјЦуХџ: kdSLkWmwdZWGfbGDAACr
2026-02-13 08:51:45 +00:00: ­Ъћї сѓ»сЃЕсѓцсѓбсЃ│сЃѕтѕЄТќГ: Q5W8atkPQ2dAFXiVAACp
2026-02-13 08:51:46 +00:00: ­Ъћї сѓ»сЃЕсѓцсѓбсЃ│сЃѕтѕЄТќГ: kdSLkWmwdZWGfbGDAACr
2026-02-13 08:52:25 +00:00: ­Ъћї сѓ»сЃЕсѓцсѓбсЃ│сЃѕтѕЄТќГ: iAGnlkG5rXwxxQC5AACn
2026-02-13 08:54:24 +00:00: ­Ъћї сѓ»сЃЕсѓцсѓбсЃ│сЃѕтѕЄТќГ: RLYQCErW9DfOetZ_AACj
2026-02-13 08:54:24 +00:00: ­Ъћї сѓ»сЃЕсѓцсѓбсЃ│сЃѕТјЦуХџ: x3KRJ2pMqpcYcpDjAACt
2026-02-13 08:54:33 +00:00: ­Ъћї сѓ»сЃЕсѓцсѓбсЃ│сЃѕтѕЄТќГ: x3KRJ2pMqpcYcpDjAACt
2026-02-13 08:54:46 +00:00: ­Ъћї сѓ»сЃЕсѓцсѓбсЃ│сЃѕТјЦуХџ: BBs0BtEN1XJMHjMtAACv
2026-02-13 08:55:47 +00:00: ­Ъћї сѓ»сЃЕсѓцсѓбсЃ│сЃѕТјЦуХџ: Ti_MH8l8R8ri6R1zAACx
2026-02-13 08:56:06 +00:00: ­Ъћї сѓ»сЃЕсѓцсѓбсЃ│сЃѕтѕЄТќГ: IYt3iH5F3zIx5nH_AACl
2026-02-13 08:56:17 +00:00: ­Ъћї сѓ»сЃЕсѓцсѓбсЃ│сЃѕтѕЄТќГ: BBs0BtEN1XJMHjMtAACv
2026-02-13 08:57:17 +00:00: ­Ъћї сѓ»сЃЕсѓцсѓбсЃ│сЃѕТјЦуХџ: 1qxwYS7zCBmIujrkAACz
2026-02-13 08:57:23 +00:00: РюЁ Тќ░УдЈтЈЌС╗ў: W-15 (тцДС║║1/тГљ0/т╣╝0)
2026-02-13 08:58:00 +00:00: РюЁ ТАѕтєЁт«їС║є: W-15
2026-02-13 08:58:08 +00:00: ­ЪЊі ух▒УеѕсѓњсЃфсѓ╗сЃЃсЃѕсЂЌсЂЙсЂЌсЂЪ
2026-02-13 09:01:13 +00:00: ­Ъћї сѓ»сЃЕсѓцсѓбсЃ│сЃѕТјЦуХџ: 9DuWhgyiDcyDBTeXAAC1
2026-02-13 09:01:19 +00:00: ­Ъћї сѓ»сЃЕсѓцсѓбсЃ│сЃѕТјЦуХџ: Cml6xROCdqU97fgfAAC3
2026-02-13 09:01:25 +00:00: ­Ъћї сѓ»сЃЕсѓцсѓбсЃ│сЃѕТјЦуХџ: Cvxzpe2BEJRLuBLlAAC5
2026-02-13 09:01:28 +00:00: ­Ъћї сѓ»сЃЕсѓцсѓбсЃ│сЃѕтѕЄТќГ: 9DuWhgyiDcyDBTeXAAC1
2026-02-13 09:01:36 +00:00: ­Ъћї сѓ»сЃЕсѓцсѓбсЃ│сЃѕтѕЄТќГ: Ti_MH8l8R8ri6R1zAACx
2026-02-13 09:01:43 +00:00: ­Ъћї сѓ»сЃЕсѓцсѓбсЃ│сЃѕтѕЄТќГ: 1qxwYS7zCBmIujrkAACz
2026-02-13 09:01:51 +00:00: ­Ъћї сѓ»сЃЕсѓцсѓбсЃ│сЃѕТјЦуХџ: 8JGpHQ9q5R8A2yODAAC7
2026-02-13 09:01:52 +00:00: ­Ъћї сѓ»сЃЕсѓцсѓбсЃ│сЃѕТјЦуХџ: uCThy5DlSlG8TfSZAAC9
2026-02-13 09:02:04 +00:00: ­Ъћї сѓ»сЃЕсѓцсѓбсЃ│сЃѕТјЦуХџ: Uh0q8ePyQOZe7eNUAAC_
2026-02-13 09:02:29 +00:00: ­Ъћї сѓ»сЃЕсѓцсѓбсЃ│сЃѕтѕЄТќГ: Uh0q8ePyQOZe7eNUAAC_
2026-02-13 09:02:29 +00:00: ­Ъћї сѓ»сЃЕсѓцсѓбсЃ│сЃѕтѕЄТќГ: 8JGpHQ9q5R8A2yODAAC7
2026-02-13 09:02:29 +00:00: ­Ъћї сѓ»сЃЕсѓцсѓбсЃ│сЃѕтѕЄТќГ: uCThy5DlSlG8TfSZAAC9
2026-02-13 09:03:52 +00:00: ­Ъћї сѓ»сЃЕсѓцсѓбсЃ│сЃѕТјЦуХџ: AlUgUsUyeC6buPoiAADB
2026-02-13 09:04:10 +00:00: ­Ъћї сѓ»сЃЕсѓцсѓбсЃ│сЃѕтѕЄТќГ: Cvxzpe2BEJRLuBLlAAC5
2026-02-13 09:04:10 +00:00: ­Ъћї сѓ»сЃЕсѓцсѓбсЃ│сЃѕтѕЄТќГ: AlUgUsUyeC6buPoiAADB
2026-02-13 09:06:44 +00:00: ­Ъћї сѓ»сЃЕсѓцсѓбсЃ│сЃѕТјЦуХџ: _lWpJnc1T4JHER9xAADD
2026-02-13 09:07:06 +00:00: ­Ъћї сѓ»сЃЕсѓцсѓбсЃ│сЃѕтѕЄТќГ: Cml6xROCdqU97fgfAAC3
2026-02-13 09:12:10 +00:00: ­Ъћї сѓ»сЃЕсѓцсѓбсЃ│сЃѕТјЦуХџ: _jlShA2kDyqqZk13AADF
2026-02-13 09:12:29 +00:00: ­Ъћї сѓ»сЃЕсѓцсѓбсЃ│сЃѕтѕЄТќГ: _lWpJnc1T4JHER9xAADD
2026-02-13 09:13:21 +00:00: ­Ъћї сѓ»сЃЕсѓцсѓбсЃ│сЃѕТјЦуХџ: 0nSXnGS8mKeG_uryAADH
2026-02-13 09:17:36 +00:00: ­Ъћї сѓ»сЃЕсѓцсѓбсЃ│сЃѕТјЦуХџ: 6NmhsRLkvnNw5PGRAADJ
2026-02-13 09:17:55 +00:00: ­Ъћї сѓ»сЃЕсѓцсѓбсЃ│сЃѕТјЦуХџ: NGs-hwDhooUzHy5aAADL
2026-02-13 09:17:55 +00:00: ­Ъћї сѓ»сЃЕсѓцсѓбсЃ│сЃѕтѕЄТќГ: _jlShA2kDyqqZk13AADF
2026-02-13 09:18:12 +00:00: ­Ъћї сѓ»сЃЕсѓцсѓбсЃ│сЃѕтѕЄТќГ: 0nSXnGS8mKeG_uryAADH
2026-02-13 09:18:23 +00:00: ­Ъћї сѓ»сЃЕсѓцсѓбсЃ│сЃѕТјЦуХџ: r1_nWuPhma9FMPuvAADN
2026-02-13 09:18:27 +00:00: ­Ъћї сѓ»сЃЕсѓцсѓбсЃ│сЃѕтѕЄТќГ: NGs-hwDhooUzHy5aAADL
2026-02-13 09:18:33 +00:00: ­Ъћї сѓ»сЃЕсѓцсѓбсЃ│сЃѕТјЦуХџ: TfTiIcUAjBEx4Qx1AADP
2026-02-13 09:20:34 +00:00: ­Ъћї сѓ»сЃЕсѓцсѓбсЃ│сЃѕТјЦуХџ: JZpr5PiwE8zHH5e4AADR
2026-02-13 09:20:36 +00:00: ­Ъћї сѓ»сЃЕсѓцсѓбсЃ│сЃѕтѕЄТќГ: JZpr5PiwE8zHH5e4AADR
2026-02-13 09:20:47 +00:00: ­Ъћї сѓ»сЃЕсѓцсѓбсЃ│сЃѕТјЦуХџ: Mf5tbh1ZyV-4bX6zAADT
2026-02-13 09:20:59 +00:00: ­Ъћї сѓ»сЃЕсѓцсѓбсЃ│сЃѕтѕЄТќГ: TfTiIcUAjBEx4Qx1AADP
2026-02-13 09:23:01 +00:00: ­Ъћї сѓ»сЃЕсѓцсѓбсЃ│сЃѕТјЦуХџ: m4oYMm-U47_65NfyAADV
2026-02-13 09:23:13 +00:00: ­Ъћї сѓ»сЃЕсѓцсѓбсЃ│сЃѕТјЦуХџ: o6lJcvqxmbJMpUMCAADX
2026-02-13 09:23:20 +00:00: ­Ъћї сѓ»сЃЕсѓцсѓбсЃ│сЃѕтѕЄТќГ: 6NmhsRLkvnNw5PGRAADJ
2026-02-13 09:23:21 +00:00: ­Ъћї сѓ»сЃЕсѓцсѓбсЃ│сЃѕТјЦуХџ: cJmyq8ub8z1cbgxpAADZ
2026-02-13 09:23:30 +00:00: ­Ъћї сѓ»сЃЕсѓцсѓбсЃ│сЃѕтѕЄТќГ: Mf5tbh1ZyV-4bX6zAADT
2026-02-13 09:23:35 +00:00: ­Ъћї сѓ»сЃЕсѓцсѓбсЃ│сЃѕтѕЄТќГ: o6lJcvqxmbJMpUMCAADX
2026-02-13 09:23:35 +00:00: ­Ъћї сѓ»сЃЕсѓцсѓбсЃ│сЃѕтѕЄТќГ: cJmyq8ub8z1cbgxpAADZ
2026-02-13 09:23:38 +00:00: ­Ъћї сѓ»сЃЕсѓцсѓбсЃ│сЃѕтѕЄТќГ: r1_nWuPhma9FMPuvAADN
2026-02-13 09:23:48 +00:00: ­Ъћї сѓ»сЃЕсѓцсѓбсЃ│сЃѕТјЦуХџ: XqzpygX-_LvIgXOwAADb
2026-02-13 09:24:01 +00:00: ­Ъћї сѓ»сЃЕсѓцсѓбсЃ│сЃѕТјЦуХџ: 1he2igRBQlxviKr9AADd
2026-02-13 09:26:50 +00:00: ­Ъћї сѓ»сЃЕсѓцсѓбсЃ│сЃѕтѕЄТќГ: 1he2igRBQlxviKr9AADd
2026-02-13 09:27:10 +00:00: ­Ъћї сѓ»сЃЕсѓцсѓбсЃ│сЃѕТјЦуХџ: DEOZSbtV6tRHbvyCAADf
2026-02-13 09:27:57 +00:00: ­Ъћї сѓ»сЃЕсѓцсѓбсЃ│сЃѕтѕЄТќГ: DEOZSbtV6tRHbvyCAADf
2026-02-13 09:28:18 +00:00: ­Ъћї сѓ»сЃЕсѓцсѓбсЃ│сЃѕТјЦуХџ: gb_ChjwWZZjTxwREAADh
2026-02-13 09:28:26 +00:00: ­Ъћї сѓ»сЃЕсѓцсѓбсЃ│сЃѕТјЦуХџ: sLsQs3vMd6GqodelAADj
2026-02-13 09:28:35 +00:00: ­Ъћї сѓ»сЃЕсѓцсѓбсЃ│сЃѕТјЦуХџ: M65qvVDOX3bRySxkAADl
2026-02-13 09:28:37 +00:00: ­Ъћї сѓ»сЃЕсѓцсѓбсЃ│сЃѕтѕЄТќГ: m4oYMm-U47_65NfyAADV
2026-02-13 09:28:46 +00:00: ­Ъћї сѓ»сЃЕсѓцсѓбсЃ│сЃѕтѕЄТќГ: M65qvVDOX3bRySxkAADl
2026-02-13 09:28:48 +00:00: ­Ъћї сѓ»сЃЕсѓцсѓбсЃ│сЃѕТјЦуХџ: 5d1DYpGPkEcB9QKHAADn
2026-02-13 09:28:55 +00:00: ­Ъћї сѓ»сЃЕсѓцсѓбсЃ│сЃѕтѕЄТќГ: XqzpygX-_LvIgXOwAADb
2026-02-13 09:33:44 +00:00: ­Ъћї сѓ»сЃЕсѓцсѓбсЃ│сЃѕТјЦуХџ: 7OdHRSoDc421f1hRAADp
2026-02-13 09:33:47 +00:00: ­Ъћї сѓ»сЃЕсѓцсѓбсЃ│сЃѕТјЦуХџ: KVWZ5tJzSRV9vuA2AADr
2026-02-13 09:33:52 +00:00: ­Ъћї сѓ»сЃЕсѓцсѓбсЃ│сЃѕТјЦуХџ: k8gs_ndThz1NO_0QAADt
2026-02-13 09:34:04 +00:00: ­Ъћї сѓ»сЃЕсѓцсѓбсЃ│сЃѕтѕЄТќГ: gb_ChjwWZZjTxwREAADh
2026-02-13 09:34:04 +00:00: ­Ъћї сѓ»сЃЕсѓцсѓбсЃ│сЃѕтѕЄТќГ: 5d1DYpGPkEcB9QKHAADn
2026-02-13 09:34:08 +00:00: ­Ъћї сѓ»сЃЕсѓцсѓбсЃ│сЃѕтѕЄТќГ: sLsQs3vMd6GqodelAADj
2026-02-13 09:34:17 +00:00: ­Ъћї сѓ»сЃЕсѓцсѓбсЃ│сЃѕТјЦуХџ: hzg4fWdL6O2BJUacAADv
2026-02-13 09:34:33 +00:00: ­Ъћї сѓ»сЃЕсѓцсѓбсЃ│сЃѕтѕЄТќГ: hzg4fWdL6O2BJUacAADv
2026-02-13 09:39:07 +00:00: ­Ъћї сѓ»сЃЕсѓцсѓбсЃ│сЃѕТјЦуХџ: enQDmC2Lzrb0OFcsAADx
2026-02-13 09:39:11 +00:00: ­Ъћї сѓ»сЃЕсѓцсѓбсЃ│сЃѕТјЦуХџ: iMiVcwvf0buaIE9FAADz
2026-02-13 09:39:19 +00:00: ­Ъћї сѓ»сЃЕсѓцсѓбсЃ│сЃѕТјЦуХџ: gVoyQwAV1-_m_bU4AAD1
2026-02-13 09:39:26 +00:00: ­Ъћї сѓ»сЃЕсѓцсѓбсЃ│сЃѕтѕЄТќГ: 7OdHRSoDc421f1hRAADp
2026-02-13 09:39:26 +00:00: ­Ъћї сѓ»сЃЕсѓцсѓбсЃ│сЃѕтѕЄТќГ: KVWZ5tJzSRV9vuA2AADr
2026-02-13 09:39:32 +00:00: ­Ъћї сѓ»сЃЕсѓцсѓбсЃ│сЃѕтѕЄТќГ: k8gs_ndThz1NO_0QAADt
2026-02-13 09:40:06 +00:00: ­Ъћї сѓ»сЃЕсѓцсѓбсЃ│сЃѕтѕЄТќГ: enQDmC2Lzrb0OFcsAADx
2026-02-13 09:44:35 +00:00: ­Ъћї сѓ»сЃЕсѓцсѓбсЃ│сЃѕТјЦуХџ: ssy5uPSx9jphdz1CAAD3
2026-02-13 09:44:42 +00:00: ­Ъћї сѓ»сЃЕсѓцсѓбсЃ│сЃѕТјЦуХџ: P1MTibIlODPcp49qAAD5
2026-02-13 09:44:55 +00:00: ­Ъћї сѓ»сЃЕсѓцсѓбсЃ│сЃѕтѕЄТќГ: iMiVcwvf0buaIE9FAADz
2026-02-13 09:45:02 +00:00: ­Ъћї сѓ»сЃЕсѓцсѓбсЃ│сЃѕтѕЄТќГ: gVoyQwAV1-_m_bU4AAD1
2026-02-13 09:49:30 +00:00: ­Ъћї сѓ»сЃЕсѓцсѓбсЃ│сЃѕТјЦуХџ: pxkXjKS5clJzCeI-AAD7
2026-02-13 09:49:59 +00:00: ­Ъћї сѓ»сЃЕсѓцсѓбсЃ│сЃѕТјЦуХџ: aMHU9GbFr9SFXlZoAAD9
2026-02-13 09:50:06 +00:00: ­Ъћї сѓ»сЃЕсѓцсѓбсЃ│сЃѕТјЦуХџ: QPcTobIGaWROQDZIAAD_
2026-02-13 09:50:16 +00:00: ­Ъћї сѓ»сЃЕсѓцсѓбсЃ│сЃѕТјЦуХџ: 8adUqoaHRzucIDe_AAEB
2026-02-13 09:50:18 +00:00: ­Ъћї сѓ»сЃЕсѓцсѓбсЃ│сЃѕтѕЄТќГ: ssy5uPSx9jphdz1CAAD3
2026-02-13 09:50:22 +00:00: ­Ъћї сѓ»сЃЕсѓцсѓбсЃ│сЃѕтѕЄТќГ: P1MTibIlODPcp49qAAD5
2026-02-13 09:50:32 +00:00: ­Ъћї сѓ»сЃЕсѓцсѓбсЃ│сЃѕтѕЄТќГ: pxkXjKS5clJzCeI-AAD7
2026-02-13 09:50:33 +00:00: ­Ъћї сѓ»сЃЕсѓцсѓбсЃ│сЃѕтѕЄТќГ: 8adUqoaHRzucIDe_AAEB
2026-02-13 09:52:19 +00:00: ­Ъћї сѓ»сЃЕсѓцсѓбсЃ│сЃѕТјЦуХџ: kRqHqkpyZ5R9iPvwAAED
2026-02-13 09:53:41 +00:00: ­Ъћї сѓ»сЃЕсѓцсѓбсЃ│сЃѕтѕЄТќГ: kRqHqkpyZ5R9iPvwAAED
2026-02-13 09:53:53 +00:00: ­Ъћї сѓ»сЃЕсѓцсѓбсЃ│сЃѕТјЦуХџ: noOfQZJEJwYJNOsVAAEF
2026-02-13 09:54:40 +00:00: ­Ъћї сѓ»сЃЕсѓцсѓбсЃ│сЃѕтѕЄТќГ: noOfQZJEJwYJNOsVAAEF
2026-02-13 09:54:45 +00:00: ­Ъћї сѓ»сЃЕсѓцсѓбсЃ│сЃѕТјЦуХџ: Dmw4dmF0s7jD8aQTAAEH
2026-02-13 09:55:24 +00:00: ­Ъћї сѓ»сЃЕсѓцсѓбсЃ│сЃѕТјЦуХџ: 1D1_O3AyOWgd2TMUAAEJ
2026-02-13 09:55:31 +00:00: ­Ъћї сѓ»сЃЕсѓцсѓбсЃ│сЃѕТјЦуХџ: Mf5rqBdxtHwVWK12AAEM
2026-02-13 09:55:31 +00:00: ­Ъћї сѓ»сЃЕсѓцсѓбсЃ│сЃѕТјЦуХџ: orT0eZsfV9AOL0_kAAEN
2026-02-13 09:55:36 +00:00: ­Ъћї сѓ»сЃЕсѓцсѓбсЃ│сЃѕТјЦуХџ: 85l39WJXPt-AFNPaAAEP
2026-02-13 09:55:42 +00:00: ­Ъћї сѓ»сЃЕсѓцсѓбсЃ│сЃѕтѕЄТќГ: 85l39WJXPt-AFNPaAAEP
2026-02-13 09:55:44 +00:00: ­Ъћї сѓ»сЃЕсѓцсѓбсЃ│сЃѕтѕЄТќГ: aMHU9GbFr9SFXlZoAAD9
2026-02-13 09:55:47 +00:00: ­Ъћї сѓ»сЃЕсѓцсѓбсЃ│сЃѕтѕЄТќГ: QPcTobIGaWROQDZIAAD_
2026-02-13 09:55:48 +00:00: ­Ъћї сѓ»сЃЕсѓцсѓбсЃ│сЃѕтѕЄТќГ: Dmw4dmF0s7jD8aQTAAEH
2026-02-13 09:56:27 +00:00: ­Ъћї сѓ»сЃЕсѓцсѓбсЃ│сЃѕТјЦуХџ: PnzeRQNgl12aJC_1AAER
2026-02-13 09:56:46 +00:00: ­Ъћї сѓ»сЃЕсѓцсѓбсЃ│сЃѕтѕЄТќГ: PnzeRQNgl12aJC_1AAER
2026-02-13 09:56:59 +00:00: ­Ъћї сѓ»сЃЕсѓцсѓбсЃ│сЃѕТјЦуХџ: subPf8azm_YC78ZyAAET
2026-02-13 09:59:27 +00:00: ­Ъћї сѓ»сЃЕсѓцсѓбсЃ│сЃѕтѕЄТќГ: orT0eZsfV9AOL0_kAAEN
2026-02-13 09:59:38 +00:00: ­Ъћї сѓ»сЃЕсѓцсѓбсЃ│сЃѕТјЦуХџ: ErKAmAxBpp4kTm7cAAEV
2026-02-13 10:00:13 +00:00: ­Ъћї сѓ»сЃЕсѓцсѓбсЃ│сЃѕтѕЄТќГ: ErKAmAxBpp4kTm7cAAEV
2026-02-13 10:00:48 +00:00: ­Ъћї сѓ»сЃЕсѓцсѓбсЃ│сЃѕТјЦуХџ: 7hNZi4L-WX_SxTdhAAEX
2026-02-13 10:00:54 +00:00: ­Ъћї сѓ»сЃЕсѓцсѓбсЃ│сЃѕТјЦуХџ: JE80Qp8EWBmJpPDMAAEZ
2026-02-13 10:01:07 +00:00: ­Ъћї сѓ»сЃЕсѓцсѓбсЃ│сЃѕтѕЄТќГ: 1D1_O3AyOWgd2TMUAAEJ
2026-02-13 10:01:08 +00:00: ­Ъћї сѓ»сЃЕсѓцсѓбсЃ│сЃѕТјЦуХџ: nZ1eDUqXAYhpkcFSAAEb
2026-02-13 10:01:10 +00:00: ­Ъћї сѓ»сЃЕсѓцсѓбсЃ│сЃѕтѕЄТќГ: Mf5rqBdxtHwVWK12AAEM
2026-02-13 10:01:23 +00:00: ­Ъћї сѓ»сЃЕсѓцсѓбсЃ│сЃѕтѕЄТќГ: subPf8azm_YC78ZyAAET
2026-02-13 10:02:18 +00:00: ­Ъћї сѓ»сЃЕсѓцсѓбсЃ│сЃѕтѕЄТќГ: nZ1eDUqXAYhpkcFSAAEb
2026-02-13 10:06:12 +00:00: ­Ъћї сѓ»сЃЕсѓцсѓбсЃ│сЃѕТјЦуХџ: VjpNwdqRlaJ1kWxSAAEd
2026-02-13 10:06:18 +00:00: ­Ъћї сѓ»сЃЕсѓцсѓбсЃ│сЃѕТјЦуХџ: XcfQJ3vEI0dqM2MHAAEf
2026-02-13 10:06:32 +00:00: ­Ъћї сѓ»сЃЕсѓцсѓбсЃ│сЃѕтѕЄТќГ: 7hNZi4L-WX_SxTdhAAEX
2026-02-13 10:06:33 +00:00: ­Ъћї сѓ»сЃЕсѓцсѓбсЃ│сЃѕтѕЄТќГ: JE80Qp8EWBmJpPDMAAEZ
2026-02-13 10:11:11 +00:00: ­Ъћї сѓ»сЃЕсѓцсѓбсЃ│сЃѕтѕЄТќГ: XcfQJ3vEI0dqM2MHAAEf
2026-02-13 10:11:36 +00:00: ­Ъћї сѓ»сЃЕсѓцсѓбсЃ│сЃѕТјЦуХџ: o0T_MMuzUFkiYkKUAAEh
2026-02-13 10:11:55 +00:00: ­Ъћї сѓ»сЃЕсѓцсѓбсЃ│сЃѕтѕЄТќГ: VjpNwdqRlaJ1kWxSAAEd
2026-02-13 10:12:44 +00:00: ­Ъћї сѓ»сЃЕсѓцсѓбсЃ│сЃѕТјЦуХџ: PsnyKzTCvWN4KHyeAAEj
2026-02-13 10:12:49 +00:00: ­Ъћї сѓ»сЃЕсѓцсѓбсЃ│сЃѕтѕЄТќГ: PsnyKzTCvWN4KHyeAAEj
2026-02-13 10:15:03 +00:00: ­Ъћї сѓ»сЃЕсѓцсѓбсЃ│сЃѕТјЦуХџ: E-ym9un38MxpFQfSAAEl
2026-02-13 10:15:49 +00:00: ­Ъћї сѓ»сЃЕсѓцсѓбсЃ│сЃѕТјЦуХџ: Zh1m0gbEkrRbhmQfAAEn
2026-02-13 10:17:01 +00:00: ­Ъћї сѓ»сЃЕсѓцсѓбсЃ│сЃѕТјЦуХџ: U9Qbuw_b3-N5hIwJAAEp
2026-02-13 10:17:20 +00:00: ­Ъћї сѓ»сЃЕсѓцсѓбсЃ│сЃѕтѕЄТќГ: o0T_MMuzUFkiYkKUAAEh
2026-02-13 10:17:20 +00:00: ­Ъћї сѓ»сЃЕсѓцсѓбсЃ│сЃѕтѕЄТќГ: Zh1m0gbEkrRbhmQfAAEn
2026-02-13 10:17:21 +00:00: ­Ъћї сѓ»сЃЕсѓцсѓбсЃ│сЃѕтѕЄТќГ: E-ym9un38MxpFQfSAAEl
2026-02-13 10:17:54 +00:00: ­Ъћї сѓ»сЃЕсѓцсѓбсЃ│сЃѕТјЦуХџ: OkcAUHZ1I50TsHcVAAEr
2026-02-13 10:18:12 +00:00: ­Ъћї сѓ»сЃЕсѓцсѓбсЃ│сЃѕтѕЄТќГ: OkcAUHZ1I50TsHcVAAEr
2026-02-13 10:19:07 +00:00: ­Ъћї сѓ»сЃЕсѓцсѓбсЃ│сЃѕТјЦуХџ: jtCD97Y7zAAl-c9IAAEt
2026-02-13 10:19:47 +00:00: ­Ъћї сѓ»сЃЕсѓцсѓбсЃ│сЃѕТјЦуХџ: 0qeq4W6WMkEpZ5JoAAEv
2026-02-13 10:19:53 +00:00: ­Ъћї сѓ»сЃЕсѓцсѓбсЃ│сЃѕтѕЄТќГ: 0qeq4W6WMkEpZ5JoAAEv
2026-02-13 10:20:08 +00:00: ­Ъћї сѓ»сЃЕсѓцсѓбсЃ│сЃѕтѕЄТќГ: jtCD97Y7zAAl-c9IAAEt
2026-02-13 10:20:14 +00:00: ­Ъћї сѓ»сЃЕсѓцсѓбсЃ│сЃѕТјЦуХџ: tP06gzb-SPYvXwzYAAEx
2026-02-13 10:21:03 +00:00: ­Ъћї сѓ»сЃЕсѓцсѓбсЃ│сЃѕтѕЄТќГ: tP06gzb-SPYvXwzYAAEx
2026-02-13 10:22:26 +00:00: ­Ъћї сѓ»сЃЕсѓцсѓбсЃ│сЃѕТјЦуХџ: KJN0EygD6tQAhLnLAAEz
2026-02-13 10:22:45 +00:00: ­Ъћї сѓ»сЃЕсѓцсѓбсЃ│сЃѕтѕЄТќГ: U9Qbuw_b3-N5hIwJAAEp
2026-02-13 10:23:13 +00:00: ­Ъћї сѓ»сЃЕсѓцсѓбсЃ│сЃѕТјЦуХџ: b-wM67zrvcbvzV_8AAE1
2026-02-13 10:23:15 +00:00: ­Ъћї сѓ»сЃЕсѓцсѓбсЃ│сЃѕтѕЄТќГ: b-wM67zrvcbvzV_8AAE1
2026-02-13 10:24:13 +00:00: ­Ъћї сѓ»сЃЕсѓцсѓбсЃ│сЃѕТјЦуХџ: k_kAC0Sxa2tiiA5lAAE3
2026-02-13 10:24:15 +00:00: ­Ъћї сѓ»сЃЕсѓцсѓбсЃ│сЃѕтѕЄТќГ: k_kAC0Sxa2tiiA5lAAE3
2026-02-13 10:25:12 +00:00: ­Ъћї сѓ»сЃЕсѓцсѓбсЃ│сЃѕТјЦуХџ: lmgSnD_rCfqPx1rtAAE5
2026-02-13 10:26:04 +00:00: ­Ъћї сѓ»сЃЕсѓцсѓбсЃ│сЃѕтѕЄТќГ: lmgSnD_rCfqPx1rtAAE5
2026-02-13 10:26:42 +00:00: ­Ъћї сѓ»сЃЕсѓцсѓбсЃ│сЃѕТјЦуХџ: UsAzyLTZyL1eSqmKAAE7
2026-02-13 10:27:51 +00:00: ­Ъћї сѓ»сЃЕсѓцсѓбсЃ│сЃѕТјЦуХџ: 8UVbAuZMQa4nEqljAAE9
2026-02-13 10:27:53 +00:00: ­Ъћї сѓ»сЃЕсѓцсѓбсЃ│сЃѕТјЦуХџ: AmfNO3GeAi4CyKv0AAE_
2026-02-13 10:28:10 +00:00: ­Ъћї сѓ»сЃЕсѓцсѓбсЃ│сЃѕтѕЄТќГ: KJN0EygD6tQAhLnLAAEz
2026-02-13 10:28:11 +00:00: ­Ъћї сѓ»сЃЕсѓцсѓбсЃ│сЃѕтѕЄТќГ: UsAzyLTZyL1eSqmKAAE7
2026-02-13 10:30:53 +00:00: ­Ъћї сѓ»сЃЕсѓцсѓбсЃ│сЃѕтѕЄТќГ: AmfNO3GeAi4CyKv0AAE_
2026-02-13 10:31:03 +00:00: ­Ъћї сѓ»сЃЕсѓцсѓбсЃ│сЃѕТјЦуХџ: 52u4U-xaVQB-PhjYAAFB
2026-02-13 10:31:06 +00:00: ­Ъћї сѓ»сЃЕсѓцсѓбсЃ│сЃѕтѕЄТќГ: 52u4U-xaVQB-PhjYAAFB
2026-02-13 10:31:06 +00:00: ­Ъћї сѓ»сЃЕсѓцсѓбсЃ│сЃѕТјЦуХџ: v8nO-86SfCuMdN57AAFD
2026-02-13 10:31:07 +00:00: ­Ъћї сѓ»сЃЕсѓцсѓбсЃ│сЃѕтѕЄТќГ: v8nO-86SfCuMdN57AAFD
2026-02-13 10:31:08 +00:00: ­Ъћї сѓ»сЃЕсѓцсѓбсЃ│сЃѕТјЦуХџ: _9zhPHi1p7y0fDZIAAFF
2026-02-13 10:31:08 +00:00: ­Ъћї сѓ»сЃЕсѓцсѓбсЃ│сЃѕтѕЄТќГ: _9zhPHi1p7y0fDZIAAFF
2026-02-13 10:31:08 +00:00: ­Ъћї сѓ»сЃЕсѓцсѓбсЃ│сЃѕТјЦуХџ: luSN35t51rwK1jF9AAFH
2026-02-13 10:31:09 +00:00: ­Ъћї сѓ»сЃЕсѓцсѓбсЃ│сЃѕтѕЄТќГ: luSN35t51rwK1jF9AAFH
2026-02-13 10:31:09 +00:00: ­Ъћї сѓ»сЃЕсѓцсѓбсЃ│сЃѕТјЦуХџ: nhlPWUvNiswHB4yvAAFJ
2026-02-13 10:31:10 +00:00: ­Ъћї сѓ»сЃЕсѓцсѓбсЃ│сЃѕтѕЄТќГ: nhlPWUvNiswHB4yvAAFJ
2026-02-13 10:31:10 +00:00: ­Ъћї сѓ»сЃЕсѓцсѓбсЃ│сЃѕТјЦуХџ: J2PsJNa97s_nD417AAFL
2026-02-13 10:31:32 +00:00: ­Ъћї сѓ»сЃЕсѓцсѓбсЃ│сЃѕтѕЄТќГ: J2PsJNa97s_nD417AAFL
2026-02-13 10:31:33 +00:00: ­Ъћї сѓ»сЃЕсѓцсѓбсЃ│сЃѕТјЦуХџ: TgF-KJ0x7IKO72RnAAFN
2026-02-13 10:31:34 +00:00: ­Ъћї сѓ»сЃЕсѓцсѓбсЃ│сЃѕтѕЄТќГ: TgF-KJ0x7IKO72RnAAFN
2026-02-13 10:31:35 +00:00: ­Ъћї сѓ»сЃЕсѓцсѓбсЃ│сЃѕТјЦуХџ: Qca8yMoA7txG7M82AAFP
2026-02-13 10:32:47 +00:00: ­Ъћї сѓ»сЃЕсѓцсѓбсЃ│сЃѕТјЦуХџ: MY9NE2-xv7w22xm3AAFR
2026-02-13 10:32:49 +00:00: ­Ъћї сѓ»сЃЕсѓцсѓбсЃ│сЃѕтѕЄТќГ: MY9NE2-xv7w22xm3AAFR
2026-02-13 10:32:49 +00:00: ­Ъћї сѓ»сЃЕсѓцсѓбсЃ│сЃѕТјЦуХџ: lw8oUOay6Fi-8IWyAAFT
2026-02-13 10:33:15 +00:00: ­Ъћї сѓ»сЃЕсѓцсѓбсЃ│сЃѕТјЦуХџ: Ak6LrXt2ojpWsDV0AAFV
2026-02-13 10:33:23 +00:00: ­Ъћї сѓ»сЃЕсѓцсѓбсЃ│сЃѕТјЦуХџ: bxQzsXSTDfXGqHC6AAFX
2026-02-13 10:33:25 +00:00: ­Ъћї сѓ»сЃЕсѓцсѓбсЃ│сЃѕТјЦуХџ: P1F0QL5EmSyMmNo2AAFZ
2026-02-13 10:33:34 +00:00: ­Ъћї сѓ»сЃЕсѓцсѓбсЃ│сЃѕтѕЄТќГ: 8UVbAuZMQa4nEqljAAE9
2026-02-13 10:33:36 +00:00: ­Ъћї сѓ»сЃЕсѓцсѓбсЃ│сЃѕТјЦуХџ: vVTdKC5G7-YDJ-6PAAFb
2026-02-13 10:33:51 +00:00: ­Ъћї сѓ»сЃЕсѓцсѓбсЃ│сЃѕтѕЄТќГ: lw8oUOay6Fi-8IWyAAFT
2026-02-13 10:33:52 +00:00: ­Ъћї сѓ»сЃЕсѓцсѓбсЃ│сЃѕтѕЄТќГ: Qca8yMoA7txG7M82AAFP
2026-02-13 10:34:08 +00:00: ­Ъћї сѓ»сЃЕсѓцсѓбсЃ│сЃѕтѕЄТќГ: bxQzsXSTDfXGqHC6AAFX
2026-02-13 10:34:17 +00:00: ­Ъћї сѓ»сЃЕсѓцсѓбсЃ│сЃѕтѕЄТќГ: P1F0QL5EmSyMmNo2AAFZ
2026-02-13 10:34:27 +00:00: ­Ъћї сѓ»сЃЕсѓцсѓбсЃ│сЃѕТјЦуХџ: QJ9qo3ugjyhNLXjvAAFd
2026-02-13 10:34:37 +00:00: ­Ъћї сѓ»сЃЕсѓцсѓбсЃ│сЃѕтѕЄТќГ: QJ9qo3ugjyhNLXjvAAFd
2026-02-13 10:36:41 +00:00: ­Ъћї сѓ»сЃЕсѓцсѓбсЃ│сЃѕТјЦуХџ: dMwzku2LWCBPFQ_cAAFf
2026-02-13 10:36:43 +00:00: ­Ъћї сѓ»сЃЕсѓцсѓбсЃ│сЃѕтѕЄТќГ: dMwzku2LWCBPFQ_cAAFf
2026-02-13 10:36:43 +00:00: ­Ъћї сѓ»сЃЕсѓцсѓбсЃ│сЃѕТјЦуХџ: Q0Do599HQGxV4TltAAFh
2026-02-13 10:36:44 +00:00: ­Ъћї сѓ»сЃЕсѓцсѓбсЃ│сЃѕтѕЄТќГ: Q0Do599HQGxV4TltAAFh
2026-02-13 10:36:45 +00:00: ­Ъћї сѓ»сЃЕсѓцсѓбсЃ│сЃѕТјЦуХџ: UW6vrETN66yVXX9vAAFj
2026-02-13 10:36:48 +00:00: ­Ъћї сѓ»сЃЕсѓцсѓбсЃ│сЃѕтѕЄТќГ: UW6vrETN66yVXX9vAAFj
2026-02-13 10:36:48 +00:00: ­Ъћї сѓ»сЃЕсѓцсѓбсЃ│сЃѕТјЦуХџ: K6VOJM8iMzq_hjElAAFl
2026-02-13 10:36:54 +00:00: ­Ъћї сѓ»сЃЕсѓцсѓбсЃ│сЃѕтѕЄТќГ: K6VOJM8iMzq_hjElAAFl
2026-02-13 10:36:54 +00:00: ­Ъћї сѓ»сЃЕсѓцсѓбсЃ│сЃѕТјЦуХџ: fNYI-xbD719bfuf1AAFn
2026-02-13 10:36:58 +00:00: ­Ъћї сѓ»сЃЕсѓцсѓбсЃ│сЃѕтѕЄТќГ: fNYI-xbD719bfuf1AAFn
2026-02-13 10:37:06 +00:00: ­Ъћї сѓ»сЃЕсѓцсѓбсЃ│сЃѕТјЦуХџ: Xr5rK06teJ6OQGU2AAFp
2026-02-13 10:37:08 +00:00: ­Ъћї сѓ»сЃЕсѓцсѓбсЃ│сЃѕтѕЄТќГ: Xr5rK06teJ6OQGU2AAFp
2026-02-13 10:37:09 +00:00: ­Ъћї сѓ»сЃЕсѓцсѓбсЃ│сЃѕТјЦуХџ: biqMaHRDg5z78t39AAFr
2026-02-13 10:37:11 +00:00: ­Ъћї сѓ»сЃЕсѓцсѓбсЃ│сЃѕтѕЄТќГ: biqMaHRDg5z78t39AAFr
2026-02-13 10:37:15 +00:00: ­Ъћї сѓ»сЃЕсѓцсѓбсЃ│сЃѕТјЦуХџ: HzYK4FZ_GnIve5t7AAFt
2026-02-13 10:37:16 +00:00: ­Ъћї сѓ»сЃЕсѓцсѓбсЃ│сЃѕтѕЄТќГ: HzYK4FZ_GnIve5t7AAFt
2026-02-13 10:37:17 +00:00: ­Ъћї сѓ»сЃЕсѓцсѓбсЃ│сЃѕТјЦуХџ: 8_iWuB5bxOXBMqHKAAFv
2026-02-13 10:37:18 +00:00: ­Ъћї сѓ»сЃЕсѓцсѓбсЃ│сЃѕтѕЄТќГ: 8_iWuB5bxOXBMqHKAAFv
2026-02-13 10:37:29 +00:00: ­Ъћї сѓ»сЃЕсѓцсѓбсЃ│сЃѕТјЦуХџ: zRkjqYu_rqM6XFE4AAFx
2026-02-13 10:37:31 +00:00: ­Ъћї сѓ»сЃЕсѓцсѓбсЃ│сЃѕтѕЄТќГ: zRkjqYu_rqM6XFE4AAFx
2026-02-13 10:37:32 +00:00: ­Ъћї сѓ»сЃЕсѓцсѓбсЃ│сЃѕТјЦуХџ: emVYvHdKIZQbUdF5AAFz
2026-02-13 10:37:34 +00:00: ­Ъћї сѓ»сЃЕсѓцсѓбсЃ│сЃѕТјЦуХџ: xlZN1r-tgvP0myz7AAF1
2026-02-13 10:38:40 +00:00: ­Ъћї сѓ»сЃЕсѓцсѓбсЃ│сЃѕтѕЄТќГ: emVYvHdKIZQbUdF5AAFz
2026-02-13 10:38:40 +00:00: ­Ъћї сѓ»сЃЕсѓцсѓбсЃ│сЃѕТјЦуХџ: xiHGoauIsdbI1s1FAAF3
2026-02-13 10:38:45 +00:00: ­Ъћї сѓ»сЃЕсѓцсѓбсЃ│сЃѕТјЦуХџ: hpyh-agfl2oHdhVRAAF5
2026-02-13 10:38:59 +00:00: ­Ъћї сѓ»сЃЕсѓцсѓбсЃ│сЃѕтѕЄТќГ: Ak6LrXt2ojpWsDV0AAFV
2026-02-13 10:39:00 +00:00: ­Ъћї сѓ»сЃЕсѓцсѓбсЃ│сЃѕТјЦуХџ: i0lgiC7xTt-bcTKCAAF7
2026-02-13 10:39:01 +00:00: ­Ъћї сѓ»сЃЕсѓцсѓбсЃ│сЃѕтѕЄТќГ: xlZN1r-tgvP0myz7AAF1
2026-02-13 10:39:16 +00:00: ­Ъћї сѓ»сЃЕсѓцсѓбсЃ│сЃѕтѕЄТќГ: vVTdKC5G7-YDJ-6PAAFb
2026-02-13 10:39:57 +00:00: ­Ъћї сѓ»сЃЕсѓцсѓбсЃ│сЃѕтѕЄТќГ: i0lgiC7xTt-bcTKCAAF7
2026-02-13 10:39:58 +00:00: ­Ъћї сѓ»сЃЕсѓцсѓбсЃ│сЃѕТјЦуХџ: KDQlkjULgYp8lT2hAAF9
2026-02-13 10:39:59 +00:00: ­Ъћї сѓ»сЃЕсѓцсѓбсЃ│сЃѕТјЦуХџ: uSk0ioBWz7w34sKiAAF_
2026-02-13 10:40:00 +00:00: ­Ъћї сѓ»сЃЕсѓцсѓбсЃ│сЃѕтѕЄТќГ: uSk0ioBWz7w34sKiAAF_
2026-02-13 10:40:00 +00:00: ­Ъћї сѓ»сЃЕсѓцсѓбсЃ│сЃѕТјЦуХџ: ZBROldGUxDcF30cUAAGB
2026-02-13 10:40:03 +00:00: ­Ъћї сѓ»сЃЕсѓцсѓбсЃ│сЃѕтѕЄТќГ: ZBROldGUxDcF30cUAAGB
2026-02-13 10:40:18 +00:00: ­Ъћї сѓ»сЃЕсѓцсѓбсЃ│сЃѕТјЦуХџ: J8tCOdRJRkf8zjmnAAGD
2026-02-13 10:40:21 +00:00: ­Ъћї сѓ»сЃЕсѓцсѓбсЃ│сЃѕтѕЄТќГ: J8tCOdRJRkf8zjmnAAGD
2026-02-13 10:40:22 +00:00: ­Ъћї сѓ»сЃЕсѓцсѓбсЃ│сЃѕТјЦуХџ: 0o-XaHlgcLgF3wh-AAGF
2026-02-13 10:40:23 +00:00: ­Ъћї сѓ»сЃЕсѓцсѓбсЃ│сЃѕтѕЄТќГ: 0o-XaHlgcLgF3wh-AAGF
2026-02-13 10:40:23 +00:00: ­Ъћї сѓ»сЃЕсѓцсѓбсЃ│сЃѕТјЦуХџ: bKTwjwxy2nkXTE0ZAAGH
2026-02-13 10:40:24 +00:00: ­Ъћї сѓ»сЃЕсѓцсѓбсЃ│сЃѕтѕЄТќГ: bKTwjwxy2nkXTE0ZAAGH
2026-02-13 10:40:29 +00:00: ­Ъћї сѓ»сЃЕсѓцсѓбсЃ│сЃѕТјЦуХџ: 4CRIN83sz9eGCxrtAAGJ
2026-02-13 10:40:30 +00:00: ­Ъћї сѓ»сЃЕсѓцсѓбсЃ│сЃѕтѕЄТќГ: 4CRIN83sz9eGCxrtAAGJ
2026-02-13 10:40:31 +00:00: ­Ъћї сѓ»сЃЕсѓцсѓбсЃ│сЃѕТјЦуХџ: fRWjyxl5pwnZh9q0AAGL
2026-02-13 10:40:32 +00:00: ­Ъћї сѓ»сЃЕсѓцсѓбсЃ│сЃѕтѕЄТќГ: fRWjyxl5pwnZh9q0AAGL
2026-02-13 10:40:32 +00:00: ­Ъћї сѓ»сЃЕсѓцсѓбсЃ│сЃѕТјЦуХџ: sbhxwExqq5aEKaWAAAGN
2026-02-13 10:40:43 +00:00: ­Ъћї сѓ»сЃЕсѓцсѓбсЃ│сЃѕтѕЄТќГ: KDQlkjULgYp8lT2hAAF9
2026-02-13 10:40:57 +00:00: ­Ъћї сѓ»сЃЕсѓцсѓбсЃ│сЃѕТјЦуХџ: iL8RlQ-v9g8hp-JpAAGP
2026-02-13 10:41:29 +00:00: ­Ъћї сѓ»сЃЕсѓцсѓбсЃ│сЃѕтѕЄТќГ: iL8RlQ-v9g8hp-JpAAGP
2026-02-13 10:41:49 +00:00: ­Ъћї сѓ»сЃЕсѓцсѓбсЃ│сЃѕтѕЄТќГ: hpyh-agfl2oHdhVRAAF5
2026-02-13 10:44:05 +00:00: ­Ъћї сѓ»сЃЕсѓцсѓбсЃ│сЃѕТјЦуХџ: TtJueSLOFeEujhF1AAGR
2026-02-13 10:44:17 +00:00: ­Ъћї сѓ»сЃЕсѓцсѓбсЃ│сЃѕТјЦуХџ: rZzYRQ_uVucmSvFuAAGT
2026-02-13 10:44:24 +00:00: ­Ъћї сѓ»сЃЕсѓцсѓбсЃ│сЃѕтѕЄТќГ: xiHGoauIsdbI1s1FAAF3
2026-02-13 10:44:31 +00:00: ­Ъћї сѓ»сЃЕсѓцсѓбсЃ│сЃѕтѕЄТќГ: sbhxwExqq5aEKaWAAAGN
2026-02-13 10:48:10 +00:00: ­Ъћї сѓ»сЃЕсѓцсѓбсЃ│сЃѕтѕЄТќГ: rZzYRQ_uVucmSvFuAAGT
2026-02-13 10:49:02 +00:00: ­Ъћї сѓ»сЃЕсѓцсѓбсЃ│сЃѕТјЦуХџ: g5qyKJW1DeG7yWy7AAGV
2026-02-13 10:49:04 +00:00: ­Ъћї сѓ»сЃЕсѓцсѓбсЃ│сЃѕтѕЄТќГ: g5qyKJW1DeG7yWy7AAGV
2026-02-13 10:49:17 +00:00: ­Ъћї сѓ»сЃЕсѓцсѓбсЃ│сЃѕТјЦуХџ: bmfNVYzHQRkSLW62AAGX
2026-02-13 10:49:30 +00:00: ­Ъћї сѓ»сЃЕсѓцсѓбсЃ│сЃѕТјЦуХџ: 8M_wENe0R580LNT0AAGZ
2026-02-13 10:49:32 +00:00: ­Ъћї сѓ»сЃЕсѓцсѓбсЃ│сЃѕтѕЄТќГ: bmfNVYzHQRkSLW62AAGX
2026-02-13 10:49:33 +00:00: ­Ъћї сѓ»сЃЕсѓцсѓбсЃ│сЃѕТјЦуХџ: Sp7kyZS2sYXdS1VnAAGb
2026-02-13 10:49:37 +00:00: ­Ъћї сѓ»сЃЕсѓцсѓбсЃ│сЃѕтѕЄТќГ: TtJueSLOFeEujhF1AAGR
2026-02-13 10:49:54 +00:00: ­Ъћї сѓ»сЃЕсѓцсѓбсЃ│сЃѕТјЦуХџ: bKPlXK7ygm_h5x8PAAGd
2026-02-13 10:49:56 +00:00: ­Ъћї сѓ»сЃЕсѓцсѓбсЃ│сЃѕтѕЄТќГ: bKPlXK7ygm_h5x8PAAGd
2026-02-13 10:49:56 +00:00: ­Ъћї сѓ»сЃЕсѓцсѓбсЃ│сЃѕТјЦуХџ: XIqnJTJ78tv2gHeBAAGf
2026-02-13 10:50:17 +00:00: ­Ъћї сѓ»сЃЕсѓцсѓбсЃ│сЃѕтѕЄТќГ: Sp7kyZS2sYXdS1VnAAGb
2026-02-13 10:50:41 +00:00: ­Ъћї сѓ»сЃЕсѓцсѓбсЃ│сЃѕтѕЄТќГ: XIqnJTJ78tv2gHeBAAGf
2026-02-13 10:51:18 +00:00: ­Ъћї сѓ»сЃЕсѓцсѓбсЃ│сЃѕТјЦуХџ: HB6dr0YX7sx_cj9LAAGh
2026-02-13 10:51:19 +00:00: ­Ъћї сѓ»сЃЕсѓцсѓбсЃ│сЃѕтѕЄТќГ: HB6dr0YX7sx_cj9LAAGh
2026-02-13 10:51:20 +00:00: ­Ъћї сѓ»сЃЕсѓцсѓбсЃ│сЃѕТјЦуХџ: tvbiOaTPFsmKtsc4AAGj
2026-02-13 10:51:21 +00:00: ­Ъћї сѓ»сЃЕсѓцсѓбсЃ│сЃѕтѕЄТќГ: tvbiOaTPFsmKtsc4AAGj
2026-02-13 10:51:21 +00:00: ­Ъћї сѓ»сЃЕсѓцсѓбсЃ│сЃѕТјЦуХџ: J3I11piR-PkVNFOeAAGl
2026-02-13 10:52:02 +00:00: ­Ъћї сѓ»сЃЕсѓцсѓбсЃ│сЃѕтѕЄТќГ: J3I11piR-PkVNFOeAAGl
2026-02-13 10:52:40 +00:00: ­Ъћї сѓ»сЃЕсѓцсѓбсЃ│сЃѕТјЦуХџ: da0BQ9sOu82vhoEfAAGn
2026-02-13 10:53:24 +00:00: ­Ъћї сѓ»сЃЕсѓцсѓбсЃ│сЃѕтѕЄТќГ: da0BQ9sOu82vhoEfAAGn
2026-02-13 10:54:09 +00:00: ­Ъћї сѓ»сЃЕсѓцсѓбсЃ│сЃѕТјЦуХџ: LyMRL2G_VKTKGZf1AAGp
2026-02-13 10:54:27 +00:00: ­Ъћї сѓ»сЃЕсѓцсѓбсЃ│сЃѕТјЦуХџ: AdCMJ3YZW_jccXYNAAGr
2026-02-13 10:54:55 +00:00: ­Ъћї сѓ»сЃЕсѓцсѓбсЃ│сЃѕТјЦуХџ: M2t78B2FZ5kolhxoAAGt
2026-02-13 10:54:55 +00:00: ­Ъћї сѓ»сЃЕсѓцсѓбсЃ│сЃѕтѕЄТќГ: 8M_wENe0R580LNT0AAGZ
2026-02-13 10:54:57 +00:00: ­Ъћї сѓ»сЃЕсѓцсѓбсЃ│сЃѕтѕЄТќГ: LyMRL2G_VKTKGZf1AAGp
2026-02-13 10:55:12 +00:00: ­Ъћї сѓ»сЃЕсѓцсѓбсЃ│сЃѕтѕЄТќГ: AdCMJ3YZW_jccXYNAAGr
2026-02-13 10:56:54 +00:00: ­Ъћї сѓ»сЃЕсѓцсѓбсЃ│сЃѕТјЦуХџ: vD6UrYVxXBwF5r8TAAGv
2026-02-13 10:56:59 +00:00: ­Ъћї сѓ»сЃЕсѓцсѓбсЃ│сЃѕТјЦуХџ: bI-IGfWB6PvjO44lAAGx
2026-02-13 10:57:09 +00:00: ­Ъћї сѓ»сЃЕсѓцсѓбсЃ│сЃѕтѕЄТќГ: vD6UrYVxXBwF5r8TAAGv
2026-02-13 10:57:16 +00:00: ­Ъћї сѓ»сЃЕсѓцсѓбсЃ│сЃѕтѕЄТќГ: bI-IGfWB6PvjO44lAAGx
2026-02-13 10:58:01 +00:00: ­Ъћї сѓ»сЃЕсѓцсѓбсЃ│сЃѕТјЦуХџ: 85nhkAH6VWpmDfIkAAGz
2026-02-13 10:58:11 +00:00: РюЁ Тќ░УдЈтЈЌС╗ў: S-16 (тцДС║║3/тГљ0/т╣╝0)
2026-02-13 10:58:36 +00:00: ­Ъћї сѓ»сЃЕсѓцсѓбсЃ│сЃѕТјЦуХџ: r-p1zH4JoeLKtsUxAAG2
2026-02-13 10:58:37 +00:00: ­Ъћї сѓ»сЃЕсѓцсѓбсЃ│сЃѕТјЦуХџ: x9EXli4cZj4X5q3QAAG3
2026-02-13 10:58:42 +00:00: ­Ъћї сѓ»сЃЕсѓцсѓбсЃ│сЃѕТјЦуХџ: PDRSWrdLAaCu4U6xAAG5
2026-02-13 10:58:52 +00:00: РюЁ ТАѕтєЁт«їС║є: S-16
2026-02-13 10:58:56 +00:00: ­ЪЊі ух▒УеѕсѓњсЃфсѓ╗сЃЃсЃѕсЂЌсЂЙсЂЌсЂЪ
2026-02-13 10:59:07 +00:00: ­Ъћї сѓ»сЃЕсѓцсѓбсЃ│сЃѕТјЦуХџ: pqxZ3OW2GrPx7z5-AAG7
2026-02-13 10:59:21 +00:00: ­Ъћї сѓ»сЃЕсѓцсѓбсЃ│сЃѕтѕЄТќГ: x9EXli4cZj4X5q3QAAG3
2026-02-13 10:59:21 +00:00: ­Ъћї сѓ»сЃЕсѓцсѓбсЃ│сЃѕтѕЄТќГ: r-p1zH4JoeLKtsUxAAG2
2026-02-13 10:59:53 +00:00: ­Ъћї сѓ»сЃЕсѓцсѓбсЃ│сЃѕТјЦуХџ: zgZhP34KbQY-OKUIAAG-
2026-02-13 10:59:53 +00:00: ­Ъћї сѓ»сЃЕсѓцсѓбсЃ│сЃѕТјЦуХџ: A7VMQs4s2WVM7PhVAAG_
2026-02-13 10:59:54 +00:00: ­Ъћї сѓ»сЃЕсѓцсѓбсЃ│сЃѕТјЦуХџ: Lcx5zyz_vnQN74P2AAHB
2026-02-13 11:00:02 +00:00: ­Ъћї сѓ»сЃЕсѓцсѓбсЃ│сЃѕТјЦуХџ: isBDaU6YWjODxb3AAAHD
2026-02-13 11:00:13 +00:00: ­Ъћї сѓ»сЃЕсѓцсѓбсЃ│сЃѕтѕЄТќГ: M2t78B2FZ5kolhxoAAGt
2026-02-13 11:00:13 +00:00: ­Ъћї сѓ»сЃЕсѓцсѓбсЃ│сЃѕтѕЄТќГ: PDRSWrdLAaCu4U6xAAG5
2026-02-13 11:00:13 +00:00: ­Ъћї сѓ»сЃЕсѓцсѓбсЃ│сЃѕтѕЄТќГ: pqxZ3OW2GrPx7z5-AAG7
2026-02-13 11:00:19 +00:00: ­Ъћї сѓ»сЃЕсѓцсѓбсЃ│сЃѕТјЦуХџ: mt8bjOrWG5K0IAkVAAHF
2026-02-13 11:00:20 +00:00: ­Ъћї сѓ»сЃЕсѓцсѓбсЃ│сЃѕтѕЄТќГ: 85nhkAH6VWpmDfIkAAGz
2026-02-13 11:00:26 +00:00: ­Ъћї сѓ»сЃЕсѓцсѓбсЃ│сЃѕтѕЄТќГ: mt8bjOrWG5K0IAkVAAHF
2026-02-13 11:00:37 +00:00: ­Ъћї сѓ»сЃЕсѓцсѓбсЃ│сЃѕтѕЄТќГ: Lcx5zyz_vnQN74P2AAHB
2026-02-13 11:00:38 +00:00: ­Ъћї сѓ»сЃЕсѓцсѓбсЃ│сЃѕТјЦуХџ: 3tdShqP2V-ivoBCAAAHH
2026-02-13 11:01:20 +00:00: ­Ъћї сѓ»сЃЕсѓцсѓбсЃ│сЃѕТјЦуХџ: rd9h4RvLSM2L6ikSAAHJ
2026-02-13 11:01:28 +00:00: ­Ъћї сѓ»сЃЕсѓцсѓбсЃ│сЃѕтѕЄТќГ: rd9h4RvLSM2L6ikSAAHJ
2026-02-13 11:01:28 +00:00: ­Ъћї сѓ»сЃЕсѓцсѓбсЃ│сЃѕТјЦуХџ: WS_wYKKDkzG7NN8-AAHL
2026-02-13 11:01:30 +00:00: ­Ъћї сѓ»сЃЕсѓцсѓбсЃ│сЃѕтѕЄТќГ: WS_wYKKDkzG7NN8-AAHL
2026-02-13 11:01:31 +00:00: ­Ъћї сѓ»сЃЕсѓцсѓбсЃ│сЃѕТјЦуХџ: E_fg935dsQwagGH9AAHN
2026-02-13 11:01:49 +00:00: ­Ъћї сѓ»сЃЕсѓцсѓбсЃ│сЃѕтѕЄТќГ: A7VMQs4s2WVM7PhVAAG_
2026-02-13 11:01:52 +00:00: ­Ъћї сѓ»сЃЕсѓцсѓбсЃ│сЃѕТјЦуХџ: GuUPTl7YrXk9c9BGAAHP
2026-02-13 11:01:57 +00:00: РюЁ Тќ░УдЈтЈЌС╗ў: W-17 (тцДС║║6/тГљ0/т╣╝0)
2026-02-13 11:02:13 +00:00: ­Ъћї сѓ»сЃЕсѓцсѓбсЃ│сЃѕтѕЄТќГ: 3tdShqP2V-ivoBCAAAHH
2026-02-13 11:02:13 +00:00: ­Ъћї сѓ»сЃЕсѓцсѓбсЃ│сЃѕтѕЄТќГ: GuUPTl7YrXk9c9BGAAHP
2026-02-13 11:02:25 +00:00: ­Ъћї сѓ»сЃЕсѓцсѓбсЃ│сЃѕтѕЄТќГ: E_fg935dsQwagGH9AAHN
2026-02-13 11:02:29 +00:00: ­Ъћї сѓ»сЃЕсѓцсѓбсЃ│сЃѕТјЦуХџ: 7oTP52Uq5lAEq-6CAAHR
2026-02-13 11:02:35 +00:00: РюЁ ТАѕтєЁт«їС║є: W-17
2026-02-13 11:02:41 +00:00: ­ЪЊі ух▒УеѕсѓњсЃфсѓ╗сЃЃсЃѕсЂЌсЂЙсЂЌсЂЪ
2026-02-13 11:03:01 +00:00: ­Ъћї сѓ»сЃЕсѓцсѓбсЃ│сЃѕТјЦуХџ: 5rlFopV4chSjYVMEAAHT
2026-02-13 11:03:03 +00:00: ­Ъћї сѓ»сЃЕсѓцсѓбсЃ│сЃѕТјЦуХџ: 3R09RRwI0VR3A7hWAAHV
2026-02-13 11:03:45 +00:00: ­Ъћї сѓ»сЃЕсѓцсѓбсЃ│сЃѕтѕЄТќГ: 5rlFopV4chSjYVMEAAHT
2026-02-13 11:03:49 +00:00: ­Ъћї сѓ»сЃЕсѓцсѓбсЃ│сЃѕтѕЄТќГ: 3R09RRwI0VR3A7hWAAHV
2026-02-13 11:04:25 +00:00: ­Ъћї сѓ»сЃЕсѓцсѓбсЃ│сЃѕтѕЄТќГ: 7oTP52Uq5lAEq-6CAAHR
2026-02-13 11:04:26 +00:00: ­Ъћї сѓ»сЃЕсѓцсѓбсЃ│сЃѕТјЦуХџ: gtE_xCzn-jHkU8exAAHX
2026-02-13 11:04:28 +00:00: ­Ъћї сѓ»сЃЕсѓцсѓбсЃ│сЃѕтѕЄТќГ: gtE_xCzn-jHkU8exAAHX
2026-02-13 11:04:29 +00:00: ­Ъћї сѓ»сЃЕсѓцсѓбсЃ│сЃѕТјЦуХџ: NBfO9I_e7O4Z8sfeAAHZ
2026-02-13 11:05:27 +00:00: ­Ъћї сѓ»сЃЕсѓцсѓбсЃ│сЃѕТјЦуХџ: Q0WzeQIhc4T1ZethAAHb
2026-02-13 11:05:40 +00:00: ­Ъћї сѓ»сЃЕсѓцсѓбсЃ│сЃѕТјЦуХџ: _V5LMrggtM-uSYrwAAHd
2026-02-13 11:05:41 +00:00: ­Ъћї сѓ»сЃЕсѓцсѓбсЃ│сЃѕТјЦуХџ: m5ljFa0LBq6xkJDEAAHf
2026-02-13 11:05:41 +00:00: ­Ъћї сѓ»сЃЕсѓцсѓбсЃ│сЃѕтѕЄТќГ: zgZhP34KbQY-OKUIAAG-
2026-02-13 11:05:51 +00:00: ­Ъћї сѓ»сЃЕсѓцсѓбсЃ│сЃѕтѕЄТќГ: isBDaU6YWjODxb3AAAHD
2026-02-13 11:06:05 +00:00: ­Ъћї сѓ»сЃЕсѓцсѓбсЃ│сЃѕтѕЄТќГ: NBfO9I_e7O4Z8sfeAAHZ
2026-02-13 11:10:51 +00:00: ­Ъћї сѓ»сЃЕсѓцсѓбсЃ│сЃѕТјЦуХџ: EBn-ZS-krkZFDLI1AAHh
2026-02-13 11:11:04 +00:00: ­Ъћї сѓ»сЃЕсѓцсѓбсЃ│сЃѕТјЦуХџ: BtSl8gsKBQwdyQuLAAHj
2026-02-13 11:11:07 +00:00: ­Ъћї сѓ»сЃЕсѓцсѓбсЃ│сЃѕТјЦуХџ: kY158Jkv2bHxLeuwAAHl
2026-02-13 11:11:12 +00:00: ­Ъћї сѓ»сЃЕсѓцсѓбсЃ│сЃѕтѕЄТќГ: Q0WzeQIhc4T1ZethAAHb
2026-02-13 11:11:20 +00:00: ­Ъћї сѓ»сЃЕсѓцсѓбсЃ│сЃѕтѕЄТќГ: _V5LMrggtM-uSYrwAAHd
2026-02-13 11:11:21 +00:00: ­Ъћї сѓ»сЃЕсѓцсѓбсЃ│сЃѕтѕЄТќГ: m5ljFa0LBq6xkJDEAAHf
2026-02-13 11:14:00 +00:00: ­Ъћї сѓ»сЃЕсѓцсѓбсЃ│сЃѕтѕЄТќГ: BtSl8gsKBQwdyQuLAAHj
2026-02-13 11:14:15 +00:00: ­Ъћї сѓ»сЃЕсѓцсѓбсЃ│сЃѕТјЦуХџ: buwNIdK1cPt0mMq_AAHn
2026-02-13 11:15:17 +00:00: РюЁ Тќ░УдЈтЈЌС╗ў: W-18 (тцДС║║6/тГљ0/т╣╝0)
2026-02-13 11:16:17 +00:00: ­Ъћї сѓ»сЃЕсѓцсѓбсЃ│сЃѕТјЦуХџ: ArBPsBfm4sW56L_IAAHq
2026-02-13 11:16:17 +00:00: ­Ъћї сѓ»сЃЕсѓцсѓбсЃ│сЃѕТјЦуХџ: HCBGBgbXupIOiKbAAAHr
2026-02-13 11:16:21 +00:00: ­Ъћї сѓ»сЃЕсѓцсѓбсЃ│сЃѕТјЦуХџ: X7433b7eOGi6MF5wAAHt
2026-02-13 11:16:25 +00:00: ­Ъћї сѓ»сЃЕсѓцсѓбсЃ│сЃѕтѕЄТќГ: ArBPsBfm4sW56L_IAAHq
2026-02-13 11:16:25 +00:00: ­Ъћї сѓ»сЃЕсѓцсѓбсЃ│сЃѕтѕЄТќГ: X7433b7eOGi6MF5wAAHt
2026-02-13 11:16:32 +00:00: ­Ъћї сѓ»сЃЕсѓцсѓбсЃ│сЃѕТјЦуХџ: 5jXy2MD4WyW3OvWMAAHw
2026-02-13 11:16:32 +00:00: ­Ъћї сѓ»сЃЕсѓцсѓбсЃ│сЃѕТјЦуХџ: RSV0dRHnfSAfDR2zAAHx
2026-02-13 11:16:37 +00:00: ­Ъћї сѓ»сЃЕсѓцсѓбсЃ│сЃѕтѕЄТќГ: EBn-ZS-krkZFDLI1AAHh
2026-02-13 11:16:37 +00:00: ­Ъћї сѓ»сЃЕсѓцсѓбсЃ│сЃѕтѕЄТќГ: buwNIdK1cPt0mMq_AAHn
2026-02-13 11:16:47 +00:00: ­Ъћї сѓ»сЃЕсѓцсѓбсЃ│сЃѕтѕЄТќГ: kY158Jkv2bHxLeuwAAHl
2026-02-13 11:16:49 +00:00: РюЁ ТАѕтєЁт«їС║є: W-18
2026-02-13 11:17:01 +00:00: ­ЪЊі ух▒УеѕсѓњсЃфсѓ╗сЃЃсЃѕсЂЌсЂЙсЂЌсЂЪ
2026-02-13 11:21:42 +00:00: ­Ъћї сѓ»сЃЕсѓцсѓбсЃ│сЃѕТјЦуХџ: sRyOMdjGtbp0ZBiGAAHz
2026-02-13 11:21:55 +00:00: ­Ъћї сѓ»сЃЕсѓцсѓбсЃ│сЃѕТјЦуХџ: PfeqIxAV6Zrv5U-tAAH1
2026-02-13 11:21:57 +00:00: ­Ъћї сѓ»сЃЕсѓцсѓбсЃ│сЃѕТјЦуХџ: njYq1IU-YOj52hEMAAH3
2026-02-13 11:22:02 +00:00: ­Ъћї сѓ»сЃЕсѓцсѓбсЃ│сЃѕтѕЄТќГ: HCBGBgbXupIOiKbAAAHr
2026-02-13 11:22:11 +00:00: ­Ъћї сѓ»сЃЕсѓцсѓбсЃ│сЃѕтѕЄТќГ: 5jXy2MD4WyW3OvWMAAHw
2026-02-13 11:22:11 +00:00: ­Ъћї сѓ»сЃЕсѓцсѓбсЃ│сЃѕтѕЄТќГ: RSV0dRHnfSAfDR2zAAHx
2026-02-13 11:27:07 +00:00: ­Ъћї сѓ»сЃЕсѓцсѓбсЃ│сЃѕТјЦуХџ: qe1ycfa6zt3YGg5yAAH5
2026-02-13 11:27:14 +00:00: ­Ъћї сѓ»сЃЕсѓцсѓбсЃ│сЃѕТјЦуХџ: DWSKt-mK8SaeTDC1AAH7
2026-02-13 11:27:20 +00:00: ­Ъћї сѓ»сЃЕсѓцсѓбсЃ│сЃѕТјЦуХџ: 8TAS16rWAgID8ep5AAH9
2026-02-13 11:27:20 +00:00: ­Ъћї сѓ»сЃЕсѓцсѓбсЃ│сЃѕТјЦуХџ: 5xIOrzH9e0-_X04OAAH_
2026-02-13 11:27:27 +00:00: ­Ъћї сѓ»сЃЕсѓцсѓбсЃ│сЃѕтѕЄТќГ: sRyOMdjGtbp0ZBiGAAHz
2026-02-13 11:27:36 +00:00: ­Ъћї сѓ»сЃЕсѓцсѓбсЃ│сЃѕтѕЄТќГ: PfeqIxAV6Zrv5U-tAAH1
2026-02-13 11:27:36 +00:00: ­Ъћї сѓ»сЃЕсѓцсѓбсЃ│сЃѕтѕЄТќГ: njYq1IU-YOj52hEMAAH3
2026-02-13 11:27:55 +00:00: ­Ъћї сѓ»сЃЕсѓцсѓбсЃ│сЃѕТјЦуХџ: YoTTsH_WrnMqAW7dAAIB
2026-02-13 11:28:01 +00:00: ­Ъћї сѓ»сЃЕсѓцсѓбсЃ│сЃѕтѕЄТќГ: YoTTsH_WrnMqAW7dAAIB
2026-02-13 11:28:19 +00:00: ­Ъћї сѓ»сЃЕсѓцсѓбсЃ│сЃѕТјЦуХџ: fzlVmTbMmlKi-ii6AAID
2026-02-13 11:28:26 +00:00: ­Ъћї сѓ»сЃЕсѓцсѓбсЃ│сЃѕТјЦуХџ: IJDuCje8KWhyiOkjAAIF
2026-02-13 11:28:51 +00:00: ­Ъћї сѓ»сЃЕсѓцсѓбсЃ│сЃѕтѕЄТќГ: IJDuCje8KWhyiOkjAAIF
2026-02-13 11:28:53 +00:00: ­Ъћї сѓ»сЃЕсѓцсѓбсЃ│сЃѕтѕЄТќГ: fzlVmTbMmlKi-ii6AAID
2026-02-13 11:32:31 +00:00: ­Ъћї сѓ»сЃЕсѓцсѓбсЃ│сЃѕТјЦуХџ: KOxSMB9wdY9-ptGzAAIH
2026-02-13 11:32:38 +00:00: ­Ъћї сѓ»сЃЕсѓцсѓбсЃ│сЃѕТјЦуХџ: pTH8Ew_BedY40dlOAAIJ
2026-02-13 11:32:44 +00:00: ­Ъћї сѓ»сЃЕсѓцсѓбсЃ│сЃѕТјЦуХџ: I4eo4MnQnohJHebpAAIL
2026-02-13 11:32:44 +00:00: ­Ъћї сѓ»сЃЕсѓцсѓбсЃ│сЃѕТјЦуХџ: yRHIJg7tQHlugteKAAIN
2026-02-13 11:32:51 +00:00: ­Ъћї сѓ»сЃЕсѓцсѓбсЃ│сЃѕтѕЄТќГ: qe1ycfa6zt3YGg5yAAH5
2026-02-13 11:32:53 +00:00: ­Ъћї сѓ»сЃЕсѓцсѓбсЃ│сЃѕтѕЄТќГ: DWSKt-mK8SaeTDC1AAH7
2026-02-13 11:32:59 +00:00: ­Ъћї сѓ»сЃЕсѓцсѓбсЃ│сЃѕтѕЄТќГ: 5xIOrzH9e0-_X04OAAH_
2026-02-13 11:33:00 +00:00: ­Ъћї сѓ»сЃЕсѓцсѓбсЃ│сЃѕтѕЄТќГ: 8TAS16rWAgID8ep5AAH9
2026-02-13 11:36:18 +00:00: ­Ъћї сѓ»сЃЕсѓцсѓбсЃ│сЃѕТјЦуХџ: xfeIEk-rBTILUX91AAIP
2026-02-13 11:36:19 +00:00: ­Ъћї сѓ»сЃЕсѓцсѓбсЃ│сЃѕТјЦуХџ: AEQCCag8g1dBzF6CAAIR
2026-02-13 11:36:49 +00:00: ­Ъћї сѓ»сЃЕсѓцсѓбсЃ│сЃѕтѕЄТќГ: xfeIEk-rBTILUX91AAIP
2026-02-13 11:36:49 +00:00: ­Ъћї сѓ»сЃЕсѓцсѓбсЃ│сЃѕтѕЄТќГ: AEQCCag8g1dBzF6CAAIR
2026-02-13 11:37:10 +00:00: ­Ъћї сѓ»сЃЕсѓцсѓбсЃ│сЃѕТјЦуХџ: Q3Py-tnW5bch5ax2AAIT
2026-02-13 11:37:46 +00:00: ­Ъћї сѓ»сЃЕсѓцсѓбсЃ│сЃѕТјЦуХџ: OLdB7swpiYEzKL4JAAIV
2026-02-13 11:37:56 +00:00: ­Ъћї сѓ»сЃЕсѓцсѓбсЃ│сЃѕТјЦуХџ: iwrYJ--2GYO0SvdJAAIX
2026-02-13 11:38:03 +00:00: ­Ъћї сѓ»сЃЕсѓцсѓбсЃ│сЃѕТјЦуХџ: RjxWMxvCEkn9aAnjAAIZ
2026-02-13 11:38:05 +00:00: ­Ъћї сѓ»сЃЕсѓцсѓбсЃ│сЃѕтѕЄТќГ: KOxSMB9wdY9-ptGzAAIH
2026-02-13 11:38:05 +00:00: ­Ъћї сѓ»сЃЕсѓцсѓбсЃ│сЃѕтѕЄТќГ: Q3Py-tnW5bch5ax2AAIT
2026-02-13 11:38:07 +00:00: ­Ъћї сѓ»сЃЕсѓцсѓбсЃ│сЃѕТјЦуХџ: oBPxQ1Z601Ed-XfkAAIb
2026-02-13 11:38:07 +00:00: ­Ъћї сѓ»сЃЕсѓцсѓбсЃ│сЃѕтѕЄТќГ: pTH8Ew_BedY40dlOAAIJ
2026-02-13 11:38:08 +00:00: ­Ъћї сѓ»сЃЕсѓцсѓбсЃ│сЃѕТјЦуХџ: kRhJoN7eM-jp6regAAId
2026-02-13 11:38:13 +00:00: ­Ъћї сѓ»сЃЕсѓцсѓбсЃ│сЃѕтѕЄТќГ: I4eo4MnQnohJHebpAAIL
2026-02-13 11:38:14 +00:00: ­Ъћї сѓ»сЃЕсѓцсѓбсЃ│сЃѕтѕЄТќГ: yRHIJg7tQHlugteKAAIN
2026-02-13 11:42:36 +00:00: ­Ъћї сѓ»сЃЕсѓцсѓбсЃ│сЃѕтѕЄТќГ: oBPxQ1Z601Ed-XfkAAIb
2026-02-13 11:42:40 +00:00: ­Ъћї сѓ»сЃЕсѓцсѓбсЃ│сЃѕТјЦуХџ: CkUTEdwu5KmFOb8vAAIf
2026-02-13 11:43:11 +00:00: ­Ъћї сѓ»сЃЕсѓцсѓбсЃ│сЃѕТјЦуХџ: aHUoy3sFrJsUMW8GAAIh
2026-02-13 11:43:20 +00:00: ­Ъћї сѓ»сЃЕсѓцсѓбсЃ│сЃѕТјЦуХџ: QkITGCc6YbQ3AktvAAIj
2026-02-13 11:43:26 +00:00: ­Ъћї сѓ»сЃЕсѓцсѓбсЃ│сЃѕТјЦуХџ: 6E6HoGg0oduG2t16AAIl
2026-02-13 11:43:27 +00:00: ­Ъћї сѓ»сЃЕсѓцсѓбсЃ│сЃѕТјЦуХџ: 0qGIYj7zKIu5xT75AAIn
2026-02-13 11:43:30 +00:00: ­Ъћї сѓ»сЃЕсѓцсѓбсЃ│сЃѕтѕЄТќГ: OLdB7swpiYEzKL4JAAIV
2026-02-13 11:43:32 +00:00: ­Ъћї сѓ»сЃЕсѓцсѓбсЃ│сЃѕТјЦуХџ: xcYZQg450hoggfUkAAIp
2026-02-13 11:43:38 +00:00: ­Ъћї сѓ»сЃЕсѓцсѓбсЃ│сЃѕтѕЄТќГ: iwrYJ--2GYO0SvdJAAIX
2026-02-13 11:43:43 +00:00: ­Ъћї сѓ»сЃЕсѓцсѓбсЃ│сЃѕтѕЄТќГ: 6E6HoGg0oduG2t16AAIl
2026-02-13 11:43:43 +00:00: ­Ъћї сѓ»сЃЕсѓцсѓбсЃ│сЃѕтѕЄТќГ: RjxWMxvCEkn9aAnjAAIZ
2026-02-13 11:43:44 +00:00: ­Ъћї сѓ»сЃЕсѓцсѓбсЃ│сЃѕтѕЄТќГ: CkUTEdwu5KmFOb8vAAIf
2026-02-13 11:43:49 +00:00: ­Ъћї сѓ»сЃЕсѓцсѓбсЃ│сЃѕтѕЄТќГ: kRhJoN7eM-jp6regAAId
2026-02-13 11:48:36 +00:00: ­Ъћї сѓ»сЃЕсѓцсѓбсЃ│сЃѕТјЦуХџ: PuDS5D8_wTsYc42CAAIr
2026-02-13 11:48:44 +00:00: ­Ъћї сѓ»сЃЕсѓцсѓбсЃ│сЃѕТјЦуХџ: fDTqvSrgeKCfESY2AAIt
2026-02-13 11:48:52 +00:00: ­Ъћї сѓ»сЃЕсѓцсѓбсЃ│сЃѕТјЦуХџ: virENSGe9Vjzuom6AAIv
2026-02-13 11:48:56 +00:00: ­Ъћї сѓ»сЃЕсѓцсѓбсЃ│сЃѕтѕЄТќГ: aHUoy3sFrJsUMW8GAAIh
2026-02-13 11:48:56 +00:00: ­Ъћї сѓ»сЃЕсѓцсѓбсЃ│сЃѕТјЦуХџ: sUan6sgrqh0X06GKAAIx
2026-02-13 11:49:01 +00:00: ­Ъћї сѓ»сЃЕсѓцсѓбсЃ│сЃѕтѕЄТќГ: QkITGCc6YbQ3AktvAAIj
2026-02-13 11:49:07 +00:00: ­Ъћї сѓ»сЃЕсѓцсѓбсЃ│сЃѕтѕЄТќГ: 0qGIYj7zKIu5xT75AAIn
2026-02-13 11:49:13 +00:00: ­Ъћї сѓ»сЃЕсѓцсѓбсЃ│сЃѕтѕЄТќГ: xcYZQg450hoggfUkAAIp
2026-02-13 11:50:29 +00:00: ­Ъћї сѓ»сЃЕсѓцсѓбсЃ│сЃѕТјЦуХџ: 2Oy-CxwahlDzpQ1pAAIz
2026-02-13 11:50:49 +00:00: ­Ъћї сѓ»сЃЕсѓцсѓбсЃ│сЃѕтѕЄТќГ: 2Oy-CxwahlDzpQ1pAAIz
2026-02-13 11:51:04 +00:00: ­Ъћї сѓ»сЃЕсѓцсѓбсЃ│сЃѕТјЦуХџ: sqjPYA2l_KnFOFgIAAI1
2026-02-13 11:53:08 +00:00: ­Ъћї сѓ»сЃЕсѓцсѓбсЃ│сЃѕтѕЄТќГ: PuDS5D8_wTsYc42CAAIr
2026-02-13 11:54:04 +00:00: ­Ъћї сѓ»сЃЕсѓцсѓбсЃ│сЃѕТјЦуХџ: HnzIx5QXvZXzPgjnAAI3
2026-02-13 11:54:08 +00:00: ­Ъћї сѓ»сЃЕсѓцсѓбсЃ│сЃѕТјЦуХџ: YsBPAb5ZBBkMg_3YAAI5
2026-02-13 11:54:17 +00:00: ­Ъћї сѓ»сЃЕсѓцсѓбсЃ│сЃѕТјЦуХџ: 76fwIeGKpb2IDUYhAAI7
2026-02-13 11:54:20 +00:00: ­Ъћї сѓ»сЃЕсѓцсѓбсЃ│сЃѕТјЦуХџ: xSqHCuiwfoin1tX6AAI9
2026-02-13 11:54:28 +00:00: ­Ъћї сѓ»сЃЕсѓцсѓбсЃ│сЃѕтѕЄТќГ: fDTqvSrgeKCfESY2AAIt
2026-02-13 11:54:35 +00:00: ­Ъћї сѓ»сЃЕсѓцсѓбсЃ│сЃѕтѕЄТќГ: virENSGe9Vjzuom6AAIv
2026-02-13 11:54:41 +00:00: ­Ъћї сѓ»сЃЕсѓцсѓбсЃ│сЃѕтѕЄТќГ: sUan6sgrqh0X06GKAAIx
2026-02-13 11:54:41 +00:00: ­Ъћї сѓ»сЃЕсѓцсѓбсЃ│сЃѕтѕЄТќГ: sqjPYA2l_KnFOFgIAAI1
2026-02-13 11:55:34 +00:00: ­Ъћї сѓ»сЃЕсѓцсѓбсЃ│сЃѕТјЦуХџ: YwF8bcqu9E9r1WIDAAI_
2026-02-13 11:58:10 +00:00: ­Ъћї сѓ»сЃЕсѓцсѓбсЃ│сЃѕтѕЄТќГ: HnzIx5QXvZXzPgjnAAI3
2026-02-13 11:59:32 +00:00: ­Ъћї сѓ»сЃЕсѓцсѓбсЃ│сЃѕТјЦуХџ: 8caSKEEvOO8gTPvJAAJB
2026-02-13 11:59:40 +00:00: ­Ъћї сѓ»сЃЕсѓцсѓбсЃ│сЃѕТјЦуХџ: koJP_vTXsyisAgZ1AAJD
2026-02-13 11:59:43 +00:00: ­Ъћї сѓ»сЃЕсѓцсѓбсЃ│сЃѕТјЦуХџ: H-BmbdV9XKwtdXljAAJF
2026-02-13 11:59:44 +00:00: ­Ъћї сѓ»сЃЕсѓцсѓбсЃ│сЃѕТјЦуХџ: lrMyJeZPXsoUpDuFAAJH
2026-02-13 11:59:52 +00:00: ­Ъћї сѓ»сЃЕсѓцсѓбсЃ│сЃѕтѕЄТќГ: YsBPAb5ZBBkMg_3YAAI5
2026-02-13 12:00:00 +00:00: ­Ъћї сѓ»сЃЕсѓцсѓбсЃ│сЃѕтѕЄТќГ: 76fwIeGKpb2IDUYhAAI7
2026-02-13 12:00:01 +00:00: ­Ъћї сѓ»сЃЕсѓцсѓбсЃ│сЃѕтѕЄТќГ: YwF8bcqu9E9r1WIDAAI_
2026-02-13 12:00:04 +00:00: ­Ъћї сѓ»сЃЕсѓцсѓбсЃ│сЃѕтѕЄТќГ: xSqHCuiwfoin1tX6AAI9
2026-02-13 12:00:26 +00:00: ­Ъћї сѓ»сЃЕсѓцсѓбсЃ│сЃѕТјЦуХџ: r537F-kZUF2cvPloAAJJ
2026-02-13 12:00:30 +00:00: ­Ъћї сѓ»сЃЕсѓцсѓбсЃ│сЃѕтѕЄТќГ: r537F-kZUF2cvPloAAJJ
2026-02-13 12:00:33 +00:00: ­Ъћї сѓ»сЃЕсѓцсѓбсЃ│сЃѕТјЦуХџ: TG5hnbqOS-KNvbuRAAJL
2026-02-13 12:00:34 +00:00: ­Ъћї сѓ»сЃЕсѓцсѓбсЃ│сЃѕтѕЄТќГ: TG5hnbqOS-KNvbuRAAJL
2026-02-13 12:00:40 +00:00: ­Ъћї сѓ»сЃЕсѓцсѓбсЃ│сЃѕТјЦуХџ: _eLM5QZWgC-n29IoAAJN
2026-02-13 12:01:23 +00:00: ­Ъћї сѓ»сЃЕсѓцсѓбсЃ│сЃѕтѕЄТќГ: _eLM5QZWgC-n29IoAAJN
2026-02-13 12:01:30 +00:00: ­Ъћї сѓ»сЃЕсѓцсѓбсЃ│сЃѕТјЦуХџ: wtWuE_ifLEYLhqvyAAJP
2026-02-13 12:01:34 +00:00: ­Ъћї сѓ»сЃЕсѓцсѓбсЃ│сЃѕтѕЄТќГ: wtWuE_ifLEYLhqvyAAJP
2026-02-13 12:03:19 +00:00: ­Ъћї сѓ»сЃЕсѓцсѓбсЃ│сЃѕТјЦуХџ: KyAZmDodHkaNPg-DAAJR
2026-02-13 12:03:30 +00:00: ­Ъћї сѓ»сЃЕсѓцсѓбсЃ│сЃѕтѕЄТќГ: KyAZmDodHkaNPg-DAAJR
2026-02-13 12:04:56 +00:00: ­Ъћї сѓ»сЃЕсѓцсѓбсЃ│сЃѕТјЦуХџ: wsZOAXjYw-l9vG54AAJT
2026-02-13 12:05:03 +00:00: ­Ъћї сѓ»сЃЕсѓцсѓбсЃ│сЃѕТјЦуХџ: RXLIivUPWwtV-7E-AAJV
2026-02-13 12:05:07 +00:00: ­Ъћї сѓ»сЃЕсѓцсѓбсЃ│сЃѕТјЦуХџ: tFBcifBe0pq5zoL2AAJX
2026-02-13 12:05:08 +00:00: ­Ъћї сѓ»сЃЕсѓцсѓбсЃ│сЃѕТјЦуХџ: pfhEKPljGtS3ZendAAJZ
2026-02-13 12:05:16 +00:00: ­Ъћї сѓ»сЃЕсѓцсѓбсЃ│сЃѕтѕЄТќГ: 8caSKEEvOO8gTPvJAAJB
2026-02-13 12:05:18 +00:00: ­Ъћї сѓ»сЃЕсѓцсѓбсЃ│сЃѕтѕЄТќГ: koJP_vTXsyisAgZ1AAJD
2026-02-13 12:05:21 +00:00: ­Ъћї сѓ»сЃЕсѓцсѓбсЃ│сЃѕтѕЄТќГ: H-BmbdV9XKwtdXljAAJF
2026-02-13 12:05:23 +00:00: ­Ъћї сѓ»сЃЕсѓцсѓбсЃ│сЃѕтѕЄТќГ: lrMyJeZPXsoUpDuFAAJH
2026-02-13 12:10:21 +00:00: ­Ъћї сѓ»сЃЕсѓцсѓбсЃ│сЃѕТјЦуХџ: iEQxcckvVkSP1JX_AAJb
2026-02-13 12:10:28 +00:00: ­Ъћї сѓ»сЃЕсѓцсѓбсЃ│сЃѕТјЦуХџ: YJHrSYQ1FsF4K7UIAAJd
2026-02-13 12:10:31 +00:00: ­Ъћї сѓ»сЃЕсѓцсѓбсЃ│сЃѕТјЦуХџ: 8etxiBMqs9NcE5TpAAJf
2026-02-13 12:10:32 +00:00: ­Ъћї сѓ»сЃЕсѓцсѓбсЃ│сЃѕТјЦуХџ: VoyC8c4M5fzg7XCOAAJh
2026-02-13 12:10:40 +00:00: ­Ъћї сѓ»сЃЕсѓцсѓбсЃ│сЃѕтѕЄТќГ: wsZOAXjYw-l9vG54AAJT
2026-02-13 12:10:43 +00:00: ­Ъћї сѓ»сЃЕсѓцсѓбсЃ│сЃѕтѕЄТќГ: RXLIivUPWwtV-7E-AAJV
2026-02-13 12:10:47 +00:00: ­Ъћї сѓ»сЃЕсѓцсѓбсЃ│сЃѕтѕЄТќГ: tFBcifBe0pq5zoL2AAJX
2026-02-13 12:10:49 +00:00: ­Ъћї сѓ»сЃЕсѓцсѓбсЃ│сЃѕтѕЄТќГ: pfhEKPljGtS3ZendAAJZ
2026-02-13 12:13:50 +00:00: ­Ъћї сѓ»сЃЕсѓцсѓбсЃ│сЃѕТјЦуХџ: pmQgblHuZEeotLVDAAJj
2026-02-13 12:13:59 +00:00: ­Ъћї сѓ»сЃЕсѓцсѓбсЃ│сЃѕтѕЄТќГ: pmQgblHuZEeotLVDAAJj
2026-02-13 12:15:45 +00:00: ­Ъћї сѓ»сЃЕсѓцсѓбсЃ│сЃѕТјЦуХџ: sdTwAIlcn7gWXlgJAAJl
2026-02-13 12:15:52 +00:00: ­Ъћї сѓ»сЃЕсѓцсѓбсЃ│сЃѕТјЦуХџ: KO-qQMj5BsTug0gTAAJn
2026-02-13 12:15:56 +00:00: ­Ъћї сѓ»сЃЕсѓцсѓбсЃ│сЃѕТјЦуХџ: vjJ-00odOQpdu30tAAJp
2026-02-13 12:15:57 +00:00: ­Ъћї сѓ»сЃЕсѓцсѓбсЃ│сЃѕТјЦуХџ: ytrOaMRA59e0PmcNAAJr
2026-02-13 12:16:05 +00:00: ­Ъћї сѓ»сЃЕсѓцсѓбсЃ│сЃѕтѕЄТќГ: iEQxcckvVkSP1JX_AAJb
2026-02-13 12:16:07 +00:00: ­Ъћї сѓ»сЃЕсѓцсѓбсЃ│сЃѕтѕЄТќГ: YJHrSYQ1FsF4K7UIAAJd
2026-02-13 12:16:10 +00:00: ­Ъћї сѓ»сЃЕсѓцсѓбсЃ│сЃѕтѕЄТќГ: 8etxiBMqs9NcE5TpAAJf
2026-02-13 12:16:12 +00:00: ­Ъћї сѓ»сЃЕсѓцсѓбсЃ│сЃѕтѕЄТќГ: VoyC8c4M5fzg7XCOAAJh
2026-02-13 12:17:51 +00:00: ­Ъћї сѓ»сЃЕсѓцсѓбсЃ│сЃѕТјЦуХџ: 632ktzXzp0uMlkOLAAJt
2026-02-13 12:17:56 +00:00: ­Ъћї сѓ»сЃЕсѓцсѓбсЃ│сЃѕтѕЄТќГ: 632ktzXzp0uMlkOLAAJt
2026-02-13 12:21:10 +00:00: ­Ъћї сѓ»сЃЕсѓцсѓбсЃ│сЃѕТјЦуХџ: B0W32y0d6SuQcaJ9AAJv
2026-02-13 12:21:16 +00:00: ­Ъћї сѓ»сЃЕсѓцсѓбсЃ│сЃѕТјЦуХџ: VsbyHDS976zqs6WLAAJx
2026-02-13 12:21:19 +00:00: ­Ъћї сѓ»сЃЕсѓцсѓбсЃ│сЃѕТјЦуХџ: 1mJlnMpLyNLvUQp-AAJz
2026-02-13 12:21:21 +00:00: ­Ъћї сѓ»сЃЕсѓцсѓбсЃ│сЃѕТјЦуХџ: hIuPRDpKcrEbIuTMAAJ1
2026-02-13 12:21:30 +00:00: ­Ъћї сѓ»сЃЕсѓцсѓбсЃ│сЃѕтѕЄТќГ: sdTwAIlcn7gWXlgJAAJl
2026-02-13 12:21:32 +00:00: ­Ъћї сѓ»сЃЕсѓцсѓбсЃ│сЃѕтѕЄТќГ: KO-qQMj5BsTug0gTAAJn
2026-02-13 12:21:36 +00:00: ­Ъћї сѓ»сЃЕсѓцсѓбсЃ│сЃѕтѕЄТќГ: vjJ-00odOQpdu30tAAJp
2026-02-13 12:21:37 +00:00: ­Ъћї сѓ»сЃЕсѓцсѓбсЃ│сЃѕтѕЄТќГ: ytrOaMRA59e0PmcNAAJr
2026-02-13 12:24:25 +00:00: ­Ъћї сѓ»сЃЕсѓцсѓбсЃ│сЃѕТјЦуХџ: CrGZVa7lS8V_JDxhAAJ3
2026-02-13 12:24:42 +00:00: ­Ъћї сѓ»сЃЕсѓцсѓбсЃ│сЃѕтѕЄТќГ: CrGZVa7lS8V_JDxhAAJ3
2026-02-13 12:26:35 +00:00: ­Ъћї сѓ»сЃЕсѓцсѓбсЃ│сЃѕТјЦуХџ: y54bgcT7XiZZ94UxAAJ5
2026-02-13 12:26:41 +00:00: ­Ъћї сѓ»сЃЕсѓцсѓбсЃ│сЃѕТјЦуХџ: XfrXdZMHCGPER41IAAJ7
2026-02-13 12:26:44 +00:00: ­Ъћї сѓ»сЃЕсѓцсѓбсЃ│сЃѕТјЦуХџ: i82MWApC9gjxEkh8AAJ9
2026-02-13 12:26:45 +00:00: ­Ъћї сѓ»сЃЕсѓцсѓбсЃ│сЃѕТјЦуХџ: bXjqck-nywstMly0AAJ_
2026-02-13 12:26:55 +00:00: ­Ъћї сѓ»сЃЕсѓцсѓбсЃ│сЃѕтѕЄТќГ: B0W32y0d6SuQcaJ9AAJv
2026-02-13 12:26:56 +00:00: ­Ъћї сѓ»сЃЕсѓцсѓбсЃ│сЃѕтѕЄТќГ: VsbyHDS976zqs6WLAAJx
2026-02-13 12:26:59 +00:00: ­Ъћї сѓ»сЃЕсѓцсѓбсЃ│сЃѕтѕЄТќГ: 1mJlnMpLyNLvUQp-AAJz
2026-02-13 12:27:02 +00:00: ­Ъћї сѓ»сЃЕсѓцсѓбсЃ│сЃѕтѕЄТќГ: hIuPRDpKcrEbIuTMAAJ1
2026-02-13 12:29:11 +00:00: ­Ъћї сѓ»сЃЕсѓцсѓбсЃ│сЃѕТјЦуХџ: MlMhaooDDuN4cHi_AAKB
2026-02-13 12:29:36 +00:00: ­Ъћї сѓ»сЃЕсѓцсѓбсЃ│сЃѕТјЦуХџ: Jy-yNe_PoCOCTVRxAAKD
2026-02-13 12:29:43 +00:00: ­Ъћї сѓ»сЃЕсѓцсѓбсЃ│сЃѕТјЦуХџ: v4CeM-A33T0WcOeNAAKF
2026-02-13 12:30:03 +00:00: ­Ъћї сѓ»сЃЕсѓцсѓбсЃ│сЃѕтѕЄТќГ: v4CeM-A33T0WcOeNAAKF
2026-02-13 12:30:22 +00:00: ­Ъћї сѓ»сЃЕсѓцсѓбсЃ│сЃѕтѕЄТќГ: Jy-yNe_PoCOCTVRxAAKD
2026-02-13 12:30:31 +00:00: ­Ъћї сѓ»сЃЕсѓцсѓбсЃ│сЃѕТјЦуХџ: D4o8CQbyJ3DTECTNAAKH
2026-02-13 12:30:55 +00:00: ­Ъћї сѓ»сЃЕсѓцсѓбсЃ│сЃѕтѕЄТќГ: D4o8CQbyJ3DTECTNAAKH
2026-02-13 12:32:00 +00:00: ­Ъћї сѓ»сЃЕсѓцсѓбсЃ│сЃѕТјЦуХџ: Z6SdaZq8wGFSCqa5AAKJ
2026-02-13 12:32:09 +00:00: ­Ъћї сѓ»сЃЕсѓцсѓбсЃ│сЃѕТјЦуХџ: N8dGyW5VZmOwWf_HAAKL
2026-02-13 12:32:20 +00:00: ­Ъћї сѓ»сЃЕсѓцсѓбсЃ│сЃѕтѕЄТќГ: y54bgcT7XiZZ94UxAAJ5
2026-02-13 12:32:20 +00:00: ­Ъћї сѓ»сЃЕсѓцсѓбсЃ│сЃѕтѕЄТќГ: MlMhaooDDuN4cHi_AAKB
2026-02-13 12:32:21 +00:00: ­Ъћї сѓ»сЃЕсѓцсѓбсЃ│сЃѕтѕЄТќГ: XfrXdZMHCGPER41IAAJ7
2026-02-13 12:32:24 +00:00: ­Ъћї сѓ»сЃЕсѓцсѓбсЃ│сЃѕтѕЄТќГ: i82MWApC9gjxEkh8AAJ9
2026-02-13 12:32:25 +00:00: ­Ъћї сѓ»сЃЕсѓцсѓбсЃ│сЃѕтѕЄТќГ: bXjqck-nywstMly0AAJ_
2026-02-13 12:35:06 +00:00: ­Ъћї сѓ»сЃЕсѓцсѓбсЃ│сЃѕТјЦуХџ: yt19THptARkNz2NOAAKN
2026-02-13 12:35:08 +00:00: ­Ъћї сѓ»сЃЕсѓцсѓбсЃ│сЃѕтѕЄТќГ: yt19THptARkNz2NOAAKN
2026-02-13 12:37:25 +00:00: ­Ъћї сѓ»сЃЕсѓцсѓбсЃ│сЃѕТјЦуХџ: iivAxBIY8-pgu15tAAKP
2026-02-13 12:37:33 +00:00: ­Ъћї сѓ»сЃЕсѓцсѓбсЃ│сЃѕТјЦуХџ: 0_JaUJjEnaebXibqAAKR
2026-02-13 12:37:45 +00:00: ­Ъћї сѓ»сЃЕсѓцсѓбсЃ│сЃѕтѕЄТќГ: Z6SdaZq8wGFSCqa5AAKJ
2026-02-13 12:37:48 +00:00: ­Ъћї сѓ»сЃЕсѓцсѓбсЃ│сЃѕТјЦуХџ: gK3b46hC-z0VwLl5AAKT
2026-02-13 12:37:50 +00:00: ­Ъћї сѓ»сЃЕсѓцсѓбсЃ│сЃѕтѕЄТќГ: N8dGyW5VZmOwWf_HAAKL
2026-02-13 12:38:20 +00:00: ­Ъћї сѓ»сЃЕсѓцсѓбсЃ│сЃѕтѕЄТќГ: gK3b46hC-z0VwLl5AAKT
2026-02-13 12:39:38 +00:00: ­Ъћї сѓ»сЃЕсѓцсѓбсЃ│сЃѕТјЦуХџ: U2aQAdD51xTYsSU_AAKV
2026-02-13 12:39:51 +00:00: ­Ъћї сѓ»сЃЕсѓцсѓбсЃ│сЃѕтѕЄТќГ: U2aQAdD51xTYsSU_AAKV
2026-02-13 12:40:46 +00:00: ­Ъћї сѓ»сЃЕсѓцсѓбсЃ│сЃѕТјЦуХџ: 72CHB2E047HUJ1DMAAKX
2026-02-13 12:40:52 +00:00: ­Ъћї сѓ»сЃЕсѓцсѓбсЃ│сЃѕтѕЄТќГ: 72CHB2E047HUJ1DMAAKX
2026-02-13 12:41:05 +00:00: ­Ъћї сѓ»сЃЕсѓцсѓбсЃ│сЃѕТјЦуХџ: 7Zw9xot-Mmk_fAIJAAKZ
2026-02-13 12:41:15 +00:00: ­Ъћї сѓ»сЃЕсѓцсѓбсЃ│сЃѕтѕЄТќГ: 7Zw9xot-Mmk_fAIJAAKZ
2026-02-13 12:41:30 +00:00: ­Ъћї сѓ»сЃЕсѓцсѓбсЃ│сЃѕТјЦуХџ: oPAQ8f0u5VMxPRVyAAKb
2026-02-13 12:41:39 +00:00: ­Ъћї сѓ»сЃЕсѓцсѓбсЃ│сЃѕтѕЄТќГ: oPAQ8f0u5VMxPRVyAAKb
2026-02-13 12:41:41 +00:00: ­Ъћї сѓ»сЃЕсѓцсѓбсЃ│сЃѕТјЦуХџ: -nIXVbdP8lcajXbDAAKd
2026-02-13 12:42:16 +00:00: ­Ъћї сѓ»сЃЕсѓцсѓбсЃ│сЃѕтѕЄТќГ: -nIXVbdP8lcajXbDAAKd
2026-02-13 12:42:18 +00:00: ­Ъћї сѓ»сЃЕсѓцсѓбсЃ│сЃѕТјЦуХџ: kkpD7IFaRmmOYY5sAAKf
2026-02-13 12:42:49 +00:00: ­Ъћї сѓ»сЃЕсѓцсѓбсЃ│сЃѕТјЦуХџ: YXL_POz1ppYl7vrwAAKh
2026-02-13 12:42:57 +00:00: ­Ъћї сѓ»сЃЕсѓцсѓбсЃ│сЃѕТјЦуХџ: 6LeqdAW4GeX11vvNAAKj
2026-02-13 12:43:05 +00:00: ­Ъћї сѓ»сЃЕсѓцсѓбсЃ│сЃѕТјЦуХџ: 4NjCLPbpsB-cCnjoAAKl
2026-02-13 12:43:09 +00:00: ­Ъћї сѓ»сЃЕсѓцсѓбсЃ│сЃѕтѕЄТќГ: iivAxBIY8-pgu15tAAKP
2026-02-13 12:43:13 +00:00: ­Ъћї сѓ»сЃЕсѓцсѓбсЃ│сЃѕтѕЄТќГ: 0_JaUJjEnaebXibqAAKR
2026-02-13 12:43:20 +00:00: ­Ъћї сѓ»сЃЕсѓцсѓбсЃ│сЃѕтѕЄТќГ: kkpD7IFaRmmOYY5sAAKf
2026-02-13 12:44:13 +00:00: ­Ъћї сѓ»сЃЕсѓцсѓбсЃ│сЃѕТјЦуХџ: E7H5RVnBlvXe95n-AAKn
2026-02-13 12:44:20 +00:00: РюЁ Тќ░УдЈтЈЌС╗ў: W-19 (тцДС║║2/тГљ0/т╣╝0)
2026-02-13 12:44:53 +00:00: ­Ъћї сѓ»сЃЕсѓцсѓбсЃ│сЃѕтѕЄТќГ: 4NjCLPbpsB-cCnjoAAKl
2026-02-13 12:44:56 +00:00: ­Ъћї сѓ»сЃЕсѓцсѓбсЃ│сЃѕТјЦуХџ: rVCsHJ0m2fz6OfwCAAKp
2026-02-13 12:44:58 +00:00: ­Ъћї сѓ»сЃЕсѓцсѓбсЃ│сЃѕтѕЄТќГ: E7H5RVnBlvXe95n-AAKn
2026-02-13 12:45:01 +00:00: РюЁ Тќ░УдЈтЈЌС╗ў: S-20 (тцДС║║6/тГљ0/т╣╝0)
2026-02-13 12:45:16 +00:00: ­Ъћї сѓ»сЃЕсѓцсѓбсЃ│сЃѕтѕЄТќГ: rVCsHJ0m2fz6OfwCAAKp
2026-02-13 12:45:18 +00:00: ­Ъћї сѓ»сЃЕсѓцсѓбсЃ│сЃѕТјЦуХџ: Gk3wPRbV0eKjYKRMAAKr
2026-02-13 12:45:54 +00:00: ­Ъћї сѓ»сЃЕсѓцсѓбсЃ│сЃѕТјЦуХџ: 59Tu8CoyZHge0bHMAAKw
2026-02-13 12:46:35 +00:00: РюЁ Тќ░УдЈтЈЌС╗ў: W-21 (тцДС║║4/тГљ0/т╣╝0)
2026-02-13 12:46:38 +00:00: ­Ъћї сѓ»сЃЕсѓцсѓбсЃ│сЃѕтѕЄТќГ: 6LeqdAW4GeX11vvNAAKj
2026-02-13 12:48:14 +00:00: ­Ъћї сѓ»сЃЕсѓцсѓбсЃ│сЃѕТјЦуХџ: Hg4d8J1G4HsHDNGuAAKy
2026-02-13 12:48:21 +00:00: ­Ъћї сѓ»сЃЕсѓцсѓбсЃ│сЃѕТјЦуХџ: bvRAj2AtalXAHMAJAAK0
2026-02-13 12:48:34 +00:00: ­Ъћї сѓ»сЃЕсѓцсѓбсЃ│сЃѕтѕЄТќГ: YXL_POz1ppYl7vrwAAKh
2026-02-13 12:48:38 +00:00: ­Ъћї сѓ»сЃЕсѓцсѓбсЃ│сЃѕтѕЄТќГ: 59Tu8CoyZHge0bHMAAKw
2026-02-13 12:48:40 +00:00: ­Ъћї сѓ»сЃЕсѓцсѓбсЃ│сЃѕТјЦуХџ: 4P5iz20LKuxvbbADAAK2
2026-02-13 12:48:45 +00:00: РюЁ ТАѕтєЁт«їС║є: W-19
2026-02-13 12:48:47 +00:00: РюЁ ТАѕтєЁт«їС║є: S-20
2026-02-13 12:48:50 +00:00: РюЁ ТАѕтєЁт«їС║є: W-21
2026-02-13 12:48:52 +00:00: ­Ъћї сѓ»сЃЕсѓцсѓбсЃ│сЃѕтѕЄТќГ: Gk3wPRbV0eKjYKRMAAKr
2026-02-13 12:49:07 +00:00: ­Ъћї сѓ»сЃЕсѓцсѓбсЃ│сЃѕтѕЄТќГ: bvRAj2AtalXAHMAJAAK0
2026-02-13 12:50:22 +00:00: ­Ъћї сѓ»сЃЕсѓцсѓбсЃ│сЃѕТјЦуХџ: CgpthszT_ojBMjizAAK5
2026-02-13 12:50:22 +00:00: ­Ъћї сѓ»сЃЕсѓцсѓбсЃ│сЃѕТјЦуХџ: ubIStRaObyvA54ULAAK6
2026-02-13 12:50:27 +00:00: ­Ъћї сѓ»сЃЕсѓцсѓбсЃ│сЃѕтѕЄТќГ: ubIStRaObyvA54ULAAK6
2026-02-13 12:50:27 +00:00: ­Ъћї сѓ»сЃЕсѓцсѓбсЃ│сЃѕтѕЄТќГ: CgpthszT_ojBMjizAAK5
2026-02-13 12:53:39 +00:00: ­Ъћї сѓ»сЃЕсѓцсѓбсЃ│сЃѕТјЦуХџ: c22E75UKXzMBrFKkAAK9
2026-02-13 12:53:39 +00:00: ­Ъћї сѓ»сЃЕсѓцсѓбсЃ│сЃѕТјЦуХџ: GrORRYyohwJonHTcAAK-
2026-02-13 12:53:54 +00:00: ­Ъћї сѓ»сЃЕсѓцсѓбсЃ│сЃѕтѕЄТќГ: GrORRYyohwJonHTcAAK-
2026-02-13 12:53:59 +00:00: ­Ъћї сѓ»сЃЕсѓцсѓбсЃ│сЃѕтѕЄТќГ: Hg4d8J1G4HsHDNGuAAKy
2026-02-13 12:53:59 +00:00: ­Ъћї сѓ»сЃЕсѓцсѓбсЃ│сЃѕтѕЄТќГ: 4P5iz20LKuxvbbADAAK2
2026-02-13 12:54:41 +00:00: ­Ъћї сѓ»сЃЕсѓцсѓбсЃ│сЃѕТјЦуХџ: uOpMrBVoHNqRdXunAALA
2026-02-13 12:55:17 +00:00: РюЁ Тќ░УдЈтЈЌС╗ў: S-22 (тцДС║║2/тГљ0/т╣╝0)
2026-02-13 12:55:40 +00:00: РюЁ Тќ░УдЈтЈЌС╗ў: S-23 (тцДС║║7/тГљ0/т╣╝0)
2026-02-13 12:55:44 +00:00: РюЁ Тќ░УдЈтЈЌС╗ў: S-24 (тцДС║║2/тГљ0/т╣╝0)
2026-02-13 12:55:55 +00:00: РюЁ Тќ░УдЈтЈЌС╗ў: S-25 (тцДС║║2/тГљ0/т╣╝0)
2026-02-13 12:56:03 +00:00: РюЁ Тќ░УдЈтЈЌС╗ў: S-26 (тцДС║║2/тГљ0/т╣╝0)
2026-02-13 12:56:11 +00:00: ­Ъћї сѓ»сЃЕсѓцсѓбсЃ│сЃѕтѕЄТќГ: c22E75UKXzMBrFKkAAK9
2026-02-13 12:56:16 +00:00: ­Ъћї сѓ»сЃЕсѓцсѓбсЃ│сЃѕтѕЄТќГ: uOpMrBVoHNqRdXunAALA
2026-02-13 12:56:30 +00:00: ­Ъћї сѓ»сЃЕсѓцсѓбсЃ│сЃѕТјЦуХџ: QJwv--xn5HOttGmBAALC
2026-02-13 12:57:01 +00:00: РюЁ ТАѕтєЁт«їС║є: S-22
2026-02-13 12:57:04 +00:00: РюЁ ТАѕтєЁт«їС║є: S-23
2026-02-13 12:57:06 +00:00: РюЁ ТАѕтєЁт«їС║є: S-24
2026-02-13 12:57:07 +00:00: РюЁ ТАѕтєЁт«їС║є: S-25
2026-02-13 12:57:09 +00:00: РюЁ ТАѕтєЁт«їС║є: S-26
2026-02-13 12:59:22 +00:00: ­Ъћї сѓ»сЃЕсѓцсѓбсЃ│сЃѕТјЦуХџ: HNiXHUpEutJWwfgYAALE
2026-02-13 12:59:58 +00:00: ­Ъћї сѓ»сЃЕсѓцсѓбсЃ│сЃѕтѕЄТќГ: QJwv--xn5HOttGmBAALC
2026-02-13 13:00:29 +00:00: ­Ъћї сѓ»сЃЕсѓцсѓбсЃ│сЃѕтѕЄТќГ: HNiXHUpEutJWwfgYAALE
2026-02-13 13:00:29 +00:00: ­Ъћї сѓ»сЃЕсѓцсѓбсЃ│сЃѕТјЦуХџ: 55vymGM4r4su1NyAAALG
2026-02-13 13:00:31 +00:00: ­Ъћї сѓ»сЃЕсѓцсѓбсЃ│сЃѕтѕЄТќГ: 55vymGM4r4su1NyAAALG
2026-02-13 13:00:32 +00:00: ­Ъћї сѓ»сЃЕсѓцсѓбсЃ│сЃѕТјЦуХџ: QYusNPOO78eo4IGaAALJ
2026-02-13 13:00:32 +00:00: ­Ъћї сѓ»сЃЕсѓцсѓбсЃ│сЃѕТјЦуХџ: RkYHe6ZlhZcbDlYMAALL
2026-02-13 13:00:34 +00:00: ­Ъћї сѓ»сЃЕсѓцсѓбсЃ│сЃѕТјЦуХџ: n2NxO9qRjXyj8na4AALN
2026-02-13 13:00:43 +00:00: ­Ъћї сѓ»сЃЕсѓцсѓбсЃ│сЃѕтѕЄТќГ: n2NxO9qRjXyj8na4AALN
2026-02-13 13:00:55 +00:00: ­Ъћї сѓ»сЃЕсѓцсѓбсЃ│сЃѕТјЦуХџ: JdewIQN61hhFhU9pAALP
2026-02-13 13:00:59 +00:00: ­Ъћї сѓ»сЃЕсѓцсѓбсЃ│сЃѕтѕЄТќГ: JdewIQN61hhFhU9pAALP
2026-02-13 13:00:59 +00:00: ­Ъћї сѓ»сЃЕсѓцсѓбсЃ│сЃѕТјЦуХџ: UyLxYwEs5FWzjK5sAALR
2026-02-13 13:01:00 +00:00: ­Ъћї сѓ»сЃЕсѓцсѓбсЃ│сЃѕтѕЄТќГ: UyLxYwEs5FWzjK5sAALR
2026-02-13 13:01:01 +00:00: ­Ъћї сѓ»сЃЕсѓцсѓбсЃ│сЃѕТјЦуХџ: 75MESoGhi1OAusYtAALT
2026-02-13 13:01:02 +00:00: ­Ъћї сѓ»сЃЕсѓцсѓбсЃ│сЃѕтѕЄТќГ: 75MESoGhi1OAusYtAALT
2026-02-13 13:01:03 +00:00: ­Ъћї сѓ»сЃЕсѓцсѓбсЃ│сЃѕТјЦуХџ: n1Ox6YUwUfWg2h7yAALW
2026-02-13 13:01:17 +00:00: ­Ъћї сѓ»сЃЕсѓцсѓбсЃ│сЃѕтѕЄТќГ: QYusNPOO78eo4IGaAALJ
2026-02-13 13:01:17 +00:00: ­Ъћї сѓ»сЃЕсѓцсѓбсЃ│сЃѕтѕЄТќГ: RkYHe6ZlhZcbDlYMAALL
2026-02-13 13:01:30 +00:00: ­Ъћї сѓ»сЃЕсѓцсѓбсЃ│сЃѕтѕЄТќГ: n1Ox6YUwUfWg2h7yAALW
2026-02-13 13:02:00 +00:00: ­Ъћї сѓ»сЃЕсѓцсѓбсЃ│сЃѕТјЦуХџ: 8LGQpY6IfjGKn2uuAALY
2026-02-13 13:02:00 +00:00: ­Ъћї сѓ»сЃЕсѓцсѓбсЃ│сЃѕтѕЄТќГ: 8LGQpY6IfjGKn2uuAALY
2026-02-13 13:07:28 +00:00: ­Ъћї сѓ»сЃЕсѓцсѓбсЃ│сЃѕТјЦуХџ: TidyO4nAYi5JazmlAALa
2026-02-13 13:07:36 +00:00: ­ЪЊі ух▒УеѕсѓњсЃфсѓ╗сЃЃсЃѕсЂЌсЂЙсЂЌсЂЪ
2026-02-13 13:09:03 +00:00: ­Ъћї сѓ»сЃЕсѓцсѓбсЃ│сЃѕтѕЄТќГ: TidyO4nAYi5JazmlAALa
2026-02-13 13:18:09 +00:00: ­Ъћї сѓ»сЃЕсѓцсѓбсЃ│сЃѕТјЦуХџ: AqZlBVFD5g0BqZYPAALc
2026-02-13 13:18:29 +00:00: ­Ъћї сѓ»сЃЕсѓцсѓбсЃ│сЃѕтѕЄТќГ: AqZlBVFD5g0BqZYPAALc
2026-02-13 13:39:56 +00:00: ­Ъћї сѓ»сЃЕсѓцсѓбсЃ│сЃѕТјЦуХџ: 903owgLxq-O24BxZAALe
2026-02-13 13:40:19 +00:00: ­Ъћї сѓ»сЃЕсѓцсѓбсЃ│сЃѕтѕЄТќГ: 903owgLxq-O24BxZAALe
2026-02-13 14:22:25 +00:00: ­Ъћї сѓ»сЃЕсѓцсѓбсЃ│сЃѕТјЦуХџ: YowStrdYqPn5MmSVAALg
2026-02-13 14:22:39 +00:00: ­Ъћї сѓ»сЃЕсѓцсѓбсЃ│сЃѕтѕЄТќГ: YowStrdYqPn5MmSVAALg
2026-02-13 14:22:40 +00:00: ­Ъћї сѓ»сЃЕсѓцсѓбсЃ│сЃѕТјЦуХџ: EMuKhoFDtgpk7JyeAALi
2026-02-13 14:22:52 +00:00: ­Ъћї сѓ»сЃЕсѓцсѓбсЃ│сЃѕтѕЄТќГ: EMuKhoFDtgpk7JyeAALi
2026-02-13 14:22:54 +00:00: ­Ъћї сѓ»сЃЕсѓцсѓбсЃ│сЃѕТјЦуХџ: J3xGPiodD9CwoHe0AALk
2026-02-13 14:23:06 +00:00: ­Ъћї сѓ»сЃЕсѓцсѓбсЃ│сЃѕтѕЄТќГ: J3xGPiodD9CwoHe0AALk
2026-02-13 14:23:07 +00:00: ­Ъћї сѓ»сЃЕсѓцсѓбсЃ│сЃѕТјЦуХџ: rRI_5R7n1TuuZMMZAALm
2026-02-13 14:23:17 +00:00: ­Ъћї сѓ»сЃЕсѓцсѓбсЃ│сЃѕтѕЄТќГ: rRI_5R7n1TuuZMMZAALm
2026-02-13 14:46:50 +00:00: ­Ъћї сѓ»сЃЕсѓцсѓбсЃ│сЃѕТјЦуХџ: hyyGAOrQL0RqmoSHAALo
2026-02-13 14:46:54 +00:00: РюЁ Тќ░УдЈтЈЌС╗ў: S-27 (тцДС║║2/тГљ0/т╣╝0)
2026-02-13 14:47:22 +00:00: ­Ъћї сѓ»сЃЕсѓцсѓбсЃ│сЃѕтѕЄТќГ: hyyGAOrQL0RqmoSHAALo
2026-02-13 14:47:24 +00:00: ­Ъћї сѓ»сЃЕсѓцсѓбсЃ│сЃѕТјЦуХџ: OXo-0qW72XB_315mAALq
2026-02-13 14:47:27 +00:00: ­Ъћї сѓ»сЃЕсѓцсѓбсЃ│сЃѕтѕЄТќГ: OXo-0qW72XB_315mAALq
2026-02-13 15:06:43 +00:00: ­Ъћї сѓ»сЃЕсѓцсѓбсЃ│сЃѕТјЦуХџ: aNePRqd5s7Sg4ntbAALs
2026-02-13 15:06:44 +00:00: ­Ъћї сѓ»сЃЕсѓцсѓбсЃ│сЃѕтѕЄТќГ: aNePRqd5s7Sg4ntbAALs
2026-02-13 15:06:45 +00:00: ­Ъћї сѓ»сЃЕсѓцсѓбсЃ│сЃѕТјЦуХџ: M2Sg28cVU9z5EzvfAALu
2026-02-13 15:06:48 +00:00: ­Ъћї сѓ»сЃЕсѓцсѓбсЃ│сЃѕтѕЄТќГ: M2Sg28cVU9z5EzvfAALu
2026-02-13 15:08:58 +00:00: ­Ъћї сѓ»сЃЕсѓцсѓбсЃ│сЃѕТјЦуХџ: IoK-zY_BkkM_wI5CAALw
2026-02-13 15:10:33 +00:00: ­Ъћї сѓ»сЃЕсѓцсѓбсЃ│сЃѕтѕЄТќГ: IoK-zY_BkkM_wI5CAALw
2026-02-13 15:21:02 +00:00: ­Ъћї сѓ»сЃЕсѓцсѓбсЃ│сЃѕТјЦуХџ: zAEiCdWL3lNTsQsdAALy
2026-02-13 15:21:15 +00:00: ­Ъћї сѓ»сЃЕсѓцсѓбсЃ│сЃѕТјЦуХџ: mxc0y5E3kEFUQd7oAAL0
2026-02-13 15:21:38 +00:00: ­Ъћї сѓ»сЃЕсѓцсѓбсЃ│сЃѕтѕЄТќГ: mxc0y5E3kEFUQd7oAAL0
2026-02-13 15:21:47 +00:00: ­Ъћї сѓ»сЃЕсѓцсѓбсЃ│сЃѕтѕЄТќГ: zAEiCdWL3lNTsQsdAALy
2026-02-13 15:22:41 +00:00: ­Ъћї сѓ»сЃЕсѓцсѓбсЃ│сЃѕТјЦуХџ: Vf5B6g7Db95sEL85AAL2
2026-02-13 15:23:35 +00:00: ­Ъћї сѓ»сЃЕсѓцсѓбсЃ│сЃѕтѕЄТќГ: Vf5B6g7Db95sEL85AAL2
2026-02-14 00:40:30 +00:00: ­Ъћї сѓ»сЃЕсѓцсѓбсЃ│сЃѕТјЦуХџ: doAaau8Ko5GPVVxiAAL5
2026-02-14 00:40:36 +00:00: ­Ъћї сѓ»сЃЕсѓцсѓбсЃ│сЃѕтѕЄТќГ: doAaau8Ko5GPVVxiAAL5
2026-02-14 01:01:06 +00:00: ­Ъћї сѓ»сЃЕсѓцсѓбсЃ│сЃѕТјЦуХџ: EelaSDV4q82IxmEFAAL7
2026-02-14 01:01:44 +00:00: ­Ъћї сѓ»сЃЕсѓцсѓбсЃ│сЃѕТјЦуХџ: aqFzpWhUGa6vfHi3AAL9
2026-02-14 01:01:55 +00:00: РюЁ ТАѕтєЁт«їС║є: S-27
2026-02-14 01:02:05 +00:00: ­ЪЊі ух▒УеѕсѓњсЃфсѓ╗сЃЃсЃѕсЂЌсЂЙсЂЌсЂЪ
2026-02-14 01:02:15 +00:00: ­Ъћї сѓ»сЃЕсѓцсѓбсЃ│сЃѕТјЦуХџ: 7IRE46WzWfhmmwOEAAL_
2026-02-14 01:02:23 +00:00: РюЁ Тќ░УдЈтЈЌС╗ў: W-28 (тцДС║║2/тГљ0/т╣╝0)
2026-02-14 01:04:47 +00:00: ­Ъћї сѓ»сЃЕсѓцсѓбсЃ│сЃѕтѕЄТќГ: aqFzpWhUGa6vfHi3AAL9
2026-02-14 01:04:53 +00:00: ­Ъћї сѓ»сЃЕсѓцсѓбсЃ│сЃѕТјЦуХџ: Bpc_cZZlCcMV-tv_AAMB
2026-02-14 01:04:59 +00:00: РюЁ ТАѕтєЁт«їС║є: W-28
2026-02-14 01:05:17 +00:00: ­ЪЊі ух▒УеѕсѓњсЃфсѓ╗сЃЃсЃѕсЂЌсЂЙсЂЌсЂЪ
2026-02-14 01:06:30 +00:00: ­Ъћї сѓ»сЃЕсѓцсѓбсЃ│сЃѕТјЦуХџ: XCJJpgXHg45uwxzYAAMD
2026-02-14 01:06:31 +00:00: ­Ъћї сѓ»сЃЕсѓцсѓбсЃ│сЃѕТјЦуХџ: RotK5CUko9nmz6K6AAMF
2026-02-14 01:06:48 +00:00: ­Ъћї сѓ»сЃЕсѓцсѓбсЃ│сЃѕТјЦуХџ: RRqWh93kh9n3BS8QAAMH
2026-02-14 01:06:51 +00:00: ­Ъћї сѓ»сЃЕсѓцсѓбсЃ│сЃѕтѕЄТќГ: EelaSDV4q82IxmEFAAL7
2026-02-14 01:06:51 +00:00: ­Ъћї сѓ»сЃЕсѓцсѓбсЃ│сЃѕтѕЄТќГ: Bpc_cZZlCcMV-tv_AAMB
2026-02-14 01:07:05 +00:00: ­Ъћї сѓ»сЃЕсѓцсѓбсЃ│сЃѕтѕЄТќГ: 7IRE46WzWfhmmwOEAAL_
2026-02-14 01:11:05 +00:00: ­Ъћї сѓ»сЃЕсѓцсѓбсЃ│сЃѕтѕЄТќГ: XCJJpgXHg45uwxzYAAMD
2026-02-14 01:11:05 +00:00: ­Ъћї сѓ»сЃЕсѓцсѓбсЃ│сЃѕтѕЄТќГ: RRqWh93kh9n3BS8QAAMH
2026-02-14 01:11:05 +00:00: ­Ъћї сѓ»сЃЕсѓцсѓбсЃ│сЃѕтѕЄТќГ: RotK5CUko9nmz6K6AAMF
2026-02-14 01:26:23 +00:00: ­Ъћї сѓ»сЃЕсѓцсѓбсЃ│сЃѕТјЦуХџ: wcoWmya47scsIVPAAAMJ
2026-02-14 01:26:57 +00:00: ­Ъћї сѓ»сЃЕсѓцсѓбсЃ│сЃѕтѕЄТќГ: wcoWmya47scsIVPAAAMJ
2026-02-14 01:53:03 +00:00: ­Ъћї сѓ»сЃЕсѓцсѓбсЃ│сЃѕТјЦуХџ: 62Dt0Ywj5yp25n37AAML
2026-02-14 01:54:24 +00:00: ­Ъћї сѓ»сЃЕсѓцсѓбсЃ│сЃѕТјЦуХџ: ub0akXavThXKt4XDAAMN
2026-02-14 01:54:31 +00:00: РюЁ Тќ░УдЈтЈЌС╗ў: W-29 (тцДС║║4/тГљ0/т╣╝0)
2026-02-14 01:54:39 +00:00: ­Ъћї сѓ»сЃЕсѓцсѓбсЃ│сЃѕтѕЄТќГ: 62Dt0Ywj5yp25n37AAML
2026-02-14 01:55:56 +00:00: ­Ъћї сѓ»сЃЕсѓцсѓбсЃ│сЃѕТјЦуХџ: OfhZoaYR1iavkEBcAAMP
2026-02-14 01:56:14 +00:00: ­Ъћї сѓ»сЃЕсѓцсѓбсЃ│сЃѕтѕЄТќГ: ub0akXavThXKt4XDAAMN
2026-02-14 01:56:22 +00:00: ­Ъћї сѓ»сЃЕсѓцсѓбсЃ│сЃѕТјЦуХџ: 9YIxk9P3Syu1CgVTAAMR
2026-02-14 01:57:03 +00:00: ­Ъћї сѓ»сЃЕсѓцсѓбсЃ│сЃѕТјЦуХџ: QXirm2yx9Zv62tRpAAMT
2026-02-14 01:57:58 +00:00: ­Ъћї сѓ»сЃЕсѓцсѓбсЃ│сЃѕтѕЄТќГ: 9YIxk9P3Syu1CgVTAAMR
2026-02-14 01:58:23 +00:00: ­Ъћї сѓ»сЃЕсѓцсѓбсЃ│сЃѕТјЦуХџ: DQLIfK_Qqm56CHR9AAMV
2026-02-14 01:58:28 +00:00: РюЁ ТАѕтєЁт«їС║є: W-29
2026-02-14 01:58:34 +00:00: ­Ъћї сѓ»сЃЕсѓцсѓбсЃ│сЃѕтѕЄТќГ: OfhZoaYR1iavkEBcAAMP
2026-02-14 01:58:39 +00:00: ­Ъћї сѓ»сЃЕсѓцсѓбсЃ│сЃѕТјЦуХџ: wMuuSnwq5SpB7NbDAAMX
2026-02-14 01:58:50 +00:00: ­Ъћї сѓ»сЃЕсѓцсѓбсЃ│сЃѕтѕЄТќГ: QXirm2yx9Zv62tRpAAMT
2026-02-14 01:59:27 +00:00: ­Ъћї сѓ»сЃЕсѓцсѓбсЃ│сЃѕТјЦуХџ: wZ7B5y9TXCnFdICPAAMZ
2026-02-14 01:59:49 +00:00: ­Ъћї сѓ»сЃЕсѓцсѓбсЃ│сЃѕтѕЄТќГ: wMuuSnwq5SpB7NbDAAMX
2026-02-14 02:00:37 +00:00: ­Ъћї сѓ»сЃЕсѓцсѓбсЃ│сЃѕтѕЄТќГ: wZ7B5y9TXCnFdICPAAMZ
2026-02-14 02:03:48 +00:00: ­Ъћї сѓ»сЃЕсѓцсѓбсЃ│сЃѕТјЦуХџ: MPwEWYX10WJESxd2AAMb
2026-02-14 02:04:08 +00:00: ­Ъћї сѓ»сЃЕсѓцсѓбсЃ│сЃѕтѕЄТќГ: DQLIfK_Qqm56CHR9AAMV
2026-02-14 02:09:12 +00:00: ­Ъћї сѓ»сЃЕсѓцсѓбсЃ│сЃѕТјЦуХџ: ptBq1KFn25a8EOK9AAMd
2026-02-14 02:09:31 +00:00: ­Ъћї сѓ»сЃЕсѓцсѓбсЃ│сЃѕтѕЄТќГ: MPwEWYX10WJESxd2AAMb
2026-02-14 02:13:11 +00:00: ­Ъћї сѓ»сЃЕсѓцсѓбсЃ│сЃѕТјЦуХџ: JvU-tcjHVNA6Z613AAMf
2026-02-14 02:13:19 +00:00: ­Ъћї сѓ»сЃЕсѓцсѓбсЃ│сЃѕтѕЄТќГ: JvU-tcjHVNA6Z613AAMf
2026-02-14 02:13:22 +00:00: ­Ъћї сѓ»сЃЕсѓцсѓбсЃ│сЃѕТјЦуХџ: DT2YAjtT6BdDQUtlAAMh
2026-02-14 02:14:07 +00:00: ­Ъћї сѓ»сЃЕсѓцсѓбсЃ│сЃѕтѕЄТќГ: DT2YAjtT6BdDQUtlAAMh
2026-02-14 02:14:24 +00:00: ­Ъћї сѓ»сЃЕсѓцсѓбсЃ│сЃѕТјЦуХџ: VTA9nA2zG7H804jnAAMl
2026-02-14 02:14:36 +00:00: ­Ъћї сѓ»сЃЕсѓцсѓбсЃ│сЃѕТјЦуХџ: Q0hVjkbNdgV5AL-3AAMn
2026-02-14 02:14:40 +00:00: ­Ъћї сѓ»сЃЕсѓцсѓбсЃ│сЃѕтѕЄТќГ: ptBq1KFn25a8EOK9AAMd
2026-02-14 02:15:05 +00:00: ­Ъћї сѓ»сЃЕсѓцсѓбсЃ│сЃѕтѕЄТќГ: VTA9nA2zG7H804jnAAMl
2026-02-14 02:17:28 +00:00: ­Ъћї сѓ»сЃЕсѓцсѓбсЃ│сЃѕтѕЄТќГ: Q0hVjkbNdgV5AL-3AAMn
2026-02-14 02:17:33 +00:00: ­Ъћї сѓ»сЃЕсѓцсѓбсЃ│сЃѕТјЦуХџ: iignTEeV0m3o0obKAAMs
2026-02-14 02:18:13 +00:00: ­Ъћї сѓ»сЃЕсѓцсѓбсЃ│сЃѕтѕЄТќГ: iignTEeV0m3o0obKAAMs
2026-02-14 02:19:33 +00:00: ­Ъћї сѓ»сЃЕсѓцсѓбсЃ│сЃѕТјЦуХџ: eHUe7BgGhJ6NzL9GAAMu
2026-02-14 02:19:43 +00:00: ­Ъћї сѓ»сЃЕсѓцсѓбсЃ│сЃѕтѕЄТќГ: eHUe7BgGhJ6NzL9GAAMu
2026-02-14 02:19:48 +00:00: ­Ъћї сѓ»сЃЕсѓцсѓбсЃ│сЃѕТјЦуХџ: 6Exnbh2qBCCoIJXBAAMw
2026-02-14 02:20:47 +00:00: ­Ъћї сѓ»сЃЕсѓцсѓбсЃ│сЃѕтѕЄТќГ: 6Exnbh2qBCCoIJXBAAMw
2026-02-14 02:25:53 +00:00: ­Ъћї сѓ»сЃЕсѓцсѓбсЃ│сЃѕТјЦуХџ: Hx10rzQpgAu86yoBAAMy
2026-02-14 02:30:49 +00:00: ­Ъћї сѓ»сЃЕсѓцсѓбсЃ│сЃѕТјЦуХџ: 6kENstrsbksSRPs-AAM0
2026-02-14 02:31:18 +00:00: ­Ъћї сѓ»сЃЕсѓцсѓбсЃ│сЃѕТјЦуХџ: OzeQeXfRkJ9Ynr8vAAM2
2026-02-14 02:31:36 +00:00: ­Ъћї сѓ»сЃЕсѓцсѓбсЃ│сЃѕТјЦуХџ: U-KNI3amh-y_UdBmAAM4
2026-02-14 02:31:38 +00:00: ­Ъћї сѓ»сЃЕсѓцсѓбсЃ│сЃѕтѕЄТќГ: Hx10rzQpgAu86yoBAAMy
2026-02-14 02:31:51 +00:00: ­Ъћї сѓ»сЃЕсѓцсѓбсЃ│сЃѕтѕЄТќГ: 6kENstrsbksSRPs-AAM0
2026-02-14 02:36:42 +00:00: ­Ъћї сѓ»сЃЕсѓцсѓбсЃ│сЃѕТјЦуХџ: niYrV8zogUWydiACAAM6
2026-02-14 02:37:01 +00:00: ­Ъћї сѓ»сЃЕсѓцсѓбсЃ│сЃѕТјЦуХџ: Jzb0XiplHlgCxDniAAM8
2026-02-14 02:37:03 +00:00: ­Ъћї сѓ»сЃЕсѓцсѓбсЃ│сЃѕтѕЄТќГ: OzeQeXfRkJ9Ynr8vAAM2
2026-02-14 02:37:17 +00:00: ­Ъћї сѓ»сЃЕсѓцсѓбсЃ│сЃѕтѕЄТќГ: U-KNI3amh-y_UdBmAAM4
2026-02-14 02:40:48 +00:00: ­Ъћї сѓ»сЃЕсѓцсѓбсЃ│сЃѕтѕЄТќГ: Jzb0XiplHlgCxDniAAM8
2026-02-14 02:41:40 +00:00: ­Ъћї сѓ»сЃЕсѓцсѓбсЃ│сЃѕТјЦуХџ: g72a2FJnzUWX2herAAM-
2026-02-14 02:41:42 +00:00: ­Ъћї сѓ»сЃЕсѓцсѓбсЃ│сЃѕтѕЄТќГ: g72a2FJnzUWX2herAAM-
2026-02-14 02:42:07 +00:00: ­Ъћї сѓ»сЃЕсѓцсѓбсЃ│сЃѕТјЦуХџ: 1MJVTJwAnhWSxlpEAANA
2026-02-14 02:42:26 +00:00: ­Ъћї сѓ»сЃЕсѓцсѓбсЃ│сЃѕтѕЄТќГ: niYrV8zogUWydiACAAM6
2026-02-14 02:47:31 +00:00: ­Ъћї сѓ»сЃЕсѓцсѓбсЃ│сЃѕТјЦуХџ: hD3l3ELhvNcTY_ifAANC
2026-02-14 02:47:52 +00:00: ­Ъћї сѓ»сЃЕсѓцсѓбсЃ│сЃѕтѕЄТќГ: 1MJVTJwAnhWSxlpEAANA
2026-02-14 02:52:57 +00:00: ­Ъћї сѓ»сЃЕсѓцсѓбсЃ│сЃѕТјЦуХџ: 2r0begLc03xbOB1mAANE
2026-02-14 02:53:17 +00:00: ­Ъћї сѓ»сЃЕсѓцсѓбсЃ│сЃѕтѕЄТќГ: hD3l3ELhvNcTY_ifAANC
2026-02-14 02:58:21 +00:00: ­Ъћї сѓ»сЃЕсѓцсѓбсЃ│сЃѕТјЦуХџ: AlEpb3raGzrVs3J7AANG
2026-02-14 02:58:42 +00:00: ­Ъћї сѓ»сЃЕсѓцсѓбсЃ│сЃѕтѕЄТќГ: 2r0begLc03xbOB1mAANE
2026-02-14 03:03:46 +00:00: ­Ъћї сѓ»сЃЕсѓцсѓбсЃ│сЃѕТјЦуХџ: bYtPLC4Xm8zuIE-kAANI
2026-02-14 03:04:07 +00:00: ­Ъћї сѓ»сЃЕсѓцсѓбсЃ│сЃѕтѕЄТќГ: AlEpb3raGzrVs3J7AANG
2026-02-14 03:09:11 +00:00: ­Ъћї сѓ»сЃЕсѓцсѓбсЃ│сЃѕТјЦуХџ: JP-VEhOTSBCorhOOAANK
2026-02-14 03:09:30 +00:00: ­Ъћї сѓ»сЃЕсѓцсѓбсЃ│сЃѕтѕЄТќГ: bYtPLC4Xm8zuIE-kAANI
2026-02-14 03:14:35 +00:00: ­Ъћї сѓ»сЃЕсѓцсѓбсЃ│сЃѕТјЦуХџ: 6W0E_xp4x1XO_40DAANM
2026-02-14 03:14:54 +00:00: ­Ъћї сѓ»сЃЕсѓцсѓбсЃ│сЃѕтѕЄТќГ: JP-VEhOTSBCorhOOAANK
2026-02-14 03:19:59 +00:00: ­Ъћї сѓ»сЃЕсѓцсѓбсЃ│сЃѕТјЦуХџ: wCw_tdg34hrWIUybAANO
2026-02-14 03:20:20 +00:00: ­Ъћї сѓ»сЃЕсѓцсѓбсЃ│сЃѕтѕЄТќГ: 6W0E_xp4x1XO_40DAANM
2026-02-14 03:23:16 +00:00: ­Ъћї сѓ»сЃЕсѓцсѓбсЃ│сЃѕтѕЄТќГ: wCw_tdg34hrWIUybAANO
2026-02-14 05:31:49 +00:00: ­Ъћї сѓ»сЃЕсѓцсѓбсЃ│сЃѕТјЦуХџ: bdWWxu4KULAh3pkUAANR
2026-02-14 05:33:24 +00:00: ­Ъћї сѓ»сЃЕсѓцсѓбсЃ│сЃѕтѕЄТќГ: bdWWxu4KULAh3pkUAANR
2026-02-14 07:27:45 +00:00: ­Ъћї сѓ»сЃЕсѓцсѓбсЃ│сЃѕТјЦуХџ: Ya4EMxBglUq4yko7AANT
2026-02-14 07:27:53 +00:00: ­Ъћї сѓ»сЃЕсѓцсѓбсЃ│сЃѕтѕЄТќГ: Ya4EMxBglUq4yko7AANT
2026-02-14 08:22:27 +00:00: ­Ъћї сѓ»сЃЕсѓцсѓбсЃ│сЃѕТјЦуХџ: ywI1vvGeyS8WP1HRAANV
2026-02-14 08:22:28 +00:00: РюЁ Тќ░УдЈтЈЌС╗ў: W-30 (тцДС║║2/тГљ0/т╣╝0)
2026-02-14 08:22:42 +00:00: ­Ъћї сѓ»сЃЕсѓцсѓбсЃ│сЃѕтѕЄТќГ: ywI1vvGeyS8WP1HRAANV
2026-02-14 08:23:16 +00:00: ­Ъћї сѓ»сЃЕсѓцсѓбсЃ│сЃѕТјЦуХџ: 6M2JSjEhysTDDE2EAANY
2026-02-14 08:23:30 +00:00: ­Ъћї сѓ»сЃЕсѓцсѓбсЃ│сЃѕТјЦуХџ: jevtqEeTokevPzCFAANa
2026-02-14 08:24:01 +00:00: ­Ъћї сѓ»сЃЕсѓцсѓбсЃ│сЃѕтѕЄТќГ: 6M2JSjEhysTDDE2EAANY
2026-02-14 08:24:32 +00:00: ­Ъћї сѓ»сЃЕсѓцсѓбсЃ│сЃѕтѕЄТќГ: jevtqEeTokevPzCFAANa
2026-02-14 08:25:02 +00:00: ­Ъћї сѓ»сЃЕсѓцсѓбсЃ│сЃѕТјЦуХџ: NPCM0LondGhQxJGkAANc
2026-02-14 08:27:55 +00:00: ­Ъћї сѓ»сЃЕсѓцсѓбсЃ│сЃѕТјЦуХџ: LoODvon8t8Q4NnHXAANe
2026-02-14 08:28:14 +00:00: ­Ъћї сѓ»сЃЕсѓцсѓбсЃ│сЃѕтѕЄТќГ: NPCM0LondGhQxJGkAANc
2026-02-14 08:31:03 +00:00: ­Ъћї сѓ»сЃЕсѓцсѓбсЃ│сЃѕТјЦуХџ: f4aUG-0n-rGXQcNRAANg
2026-02-14 08:31:14 +00:00: РюЁ Тќ░УдЈтЈЌС╗ў: S-31 (тцДС║║2/тГљ0/т╣╝0)
2026-02-14 08:33:20 +00:00: ­Ъћї сѓ»сЃЕсѓцсѓбсЃ│сЃѕТјЦуХџ: 06Yqq1Mk86JK1Y8UAANi
2026-02-14 08:33:30 +00:00: ­Ъћї сѓ»сЃЕсѓцсѓбсЃ│сЃѕТјЦуХџ: CLmOxoD-Bh0_OYrAAANk
2026-02-14 08:33:31 +00:00: РюЁ ТАѕтєЁт«їС║є: S-31
2026-02-14 08:33:39 +00:00: ­Ъћї сѓ»сЃЕсѓцсѓбсЃ│сЃѕтѕЄТќГ: LoODvon8t8Q4NnHXAANe
2026-02-14 08:33:46 +00:00: ­Ъћї сѓ»сЃЕсѓцсѓбсЃ│сЃѕтѕЄТќГ: f4aUG-0n-rGXQcNRAANg
2026-02-14 08:35:50 +00:00: РюЁ Тќ░УдЈтЈЌС╗ў: S-32 (тцДС║║6/тГљ0/т╣╝0)
2026-02-14 08:36:15 +00:00: РюЁ ТАѕтєЁт«їС║є: S-32
2026-02-14 08:36:52 +00:00: ­Ъћї сѓ»сЃЕсѓцсѓбсЃ│сЃѕТјЦуХџ: KJ3UmplFAo3JmP3gAANm
2026-02-14 08:36:55 +00:00: ­Ъћї сѓ»сЃЕсѓцсѓбсЃ│сЃѕтѕЄТќГ: KJ3UmplFAo3JmP3gAANm
2026-02-14 08:38:18 +00:00: ­Ъћї сѓ»сЃЕсѓцсѓбсЃ│сЃѕТјЦуХџ: otwtf6UFnGK71sX7AANo
2026-02-14 08:41:46 +00:00: РюЁ Тќ░УдЈтЈЌС╗ў: S-33 (тцДС║║3/тГљ0/т╣╝0)
2026-02-14 08:51:57 +00:00: РюЁ сЃЄсЃ╝сѓ┐сѓњтЙЕтЁЃсЂЌсЂЙсЂЌсЂЪ: { queue: 2, nextNumber: 34, isAccepting: true }
2026-02-14 08:51:57 +00:00: РЈ░ ТгАсЂ«УЄфтІЋсЃфсѓ╗сЃЃсЃѕ: 2026/2/15 0:00:00
2026-02-14 08:51:57 +00:00: ­Ъџђ ТЮЙС╣ЃТюежБ»т║Ќ тЈЌС╗ўсѓисѓ╣сЃєсЃаУхитІЋ
2026-02-14 08:51:57 +00:00: ­ЪЊА сѓхсЃ╝сЃљсЃ╝: http://localhost:3000
2026-02-14 08:51:57 +00:00: ­ЪЉЦ сЃЇсЃЃсЃѕтЈЌС╗ў: http://localhost:3000
2026-02-14 08:51:57 +00:00: ­ЪЈф т║ЌУѕЌтЈЌС╗ў: http://localhost:3000/shop
2026-02-14 08:51:57 +00:00: ­ЪћД у«Ауљєућ╗жЮб: http://localhost:3000/admin
2026-02-14 08:51:57 +00:00: ­ЪЊі тЙЁсЂАухёТЋ░: 2ухё
2026-02-14 08:51:57 +00:00: ­ЪЊѕ ТюгТЌЦу┤»Уеѕ: 5ухё
2026-02-14 08:51:58 +00:00: ­Ъћї сѓ»сЃЕсѓцсѓбсЃ│сЃѕТјЦуХџ: bGMXtJGKcGd_l36DAAAB
2026-02-14 08:51:59 +00:00: ­Ъћї сѓ»сЃЕсѓцсѓбсЃ│сЃѕТјЦуХџ: oYVhy0VaaLhinC76AAAD
2026-02-14 08:52:03 +00:00: ­Ъћї сѓ»сЃЕсѓцсѓбсЃ│сЃѕТјЦуХџ: fIvkINf5ALsPixqzAAAF
2026-02-14 08:53:04 +00:00: ­Ъћї сѓ»сЃЕсѓцсѓбсЃ│сЃѕТјЦуХџ: n-l1Jk9t4I90XnewAAAH
2026-02-14 08:53:35 +00:00: ­Ъћї сѓ»сЃЕсѓцсѓбсЃ│сЃѕТјЦуХџ: GZf9Kupx9JcBqwyIAAAJ
2026-02-14 08:53:38 +00:00: ­Ъћї сѓ»сЃЕсѓцсѓбсЃ│сЃѕтѕЄТќГ: fIvkINf5ALsPixqzAAAF
2026-02-14 08:53:50 +00:00: ­Ъћї сѓ»сЃЕсѓцсѓбсЃ│сЃѕТјЦуХџ: fEpy5MtOBlsIPFHWAAAL
2026-02-14 08:55:43 +00:00: ­Ъћї сѓ»сЃЕсѓцсѓбсЃ│сЃѕТјЦуХџ: Eolwho4lM1ZXME1KAAAN
2026-02-14 08:55:52 +00:00: ­Ъћї сѓ»сЃЕсѓцсѓбсЃ│сЃѕТјЦуХџ: SA-XizhdpyAr_DeoAAAP
2026-02-14 08:56:11 +00:00: ­Ъћї сѓ»сЃЕсѓцсѓбсЃ│сЃѕТјЦуХџ: fYaJ9lFRhDOyY196AAAR
2026-02-14 08:57:11 +00:00: ­Ъћї сѓ»сЃЕсѓцсѓбсЃ│сЃѕТјЦуХџ: L532MsY_VX12qCYZAAAT
2026-02-14 08:58:28 +00:00: ­Ъћї сѓ»сЃЕсѓцсѓбсЃ│сЃѕТјЦуХџ: WPs1QcSbxHUgcvjUAAAV
2026-02-14 08:58:37 +00:00: ­Ъћї сѓ»сЃЕсѓцсѓбсЃ│сЃѕтѕЄТќГ: L532MsY_VX12qCYZAAAT
2026-02-14 09:03:26 +00:00: ­Ъћї сѓ»сЃЕсѓцсѓбсЃ│сЃѕТјЦуХџ: N5fpWw66CxlNSksYAAAX
2026-02-14 09:04:02 +00:00: ­Ъћї сѓ»сЃЕсѓцсѓбсЃ│сЃѕТјЦуХџ: G3ZezfrjkJkjjAehAAAZ
2026-02-14 09:04:09 +00:00: РюЁ Тќ░УдЈтЈЌС╗ў: W-34 (тцДС║║6/тГљ0/т╣╝0) сѓ┐сѓцсЃЌ: web
2026-02-14 09:04:27 +00:00: ­Ъћї сѓ»сЃЕсѓцсѓбсЃ│сЃѕТјЦуХџ: 1L0D330QRAUdXenvAAAb
2026-02-14 09:04:41 +00:00: ­Ъћї сѓ»сЃЕсѓцсѓбсЃ│сЃѕТјЦуХџ: yp-Clz-u2zaZ6czvAAAd
2026-02-14 09:05:23 +00:00: ­Ъћї сѓ»сЃЕсѓцсѓбсЃ│сЃѕтѕЄТќГ: bGMXtJGKcGd_l36DAAAB
2026-02-14 09:05:36 +00:00: ­Ъћї сѓ»сЃЕсѓцсѓбсЃ│сЃѕТјЦуХџ: XoEEDQaGa8-hK7SeAAAf
2026-02-14 09:05:46 +00:00: ­Ъћї сѓ»сЃЕсѓцсѓбсЃ│сЃѕтѕЄТќГ: XoEEDQaGa8-hK7SeAAAf
2026-02-14 09:05:48 +00:00: ­Ъћї сѓ»сЃЕсѓцсѓбсЃ│сЃѕТјЦуХџ: wbWQR9X6VW0jJq37AAAh
2026-02-14 09:05:52 +00:00: ­Ъћї сѓ»сЃЕсѓцсѓбсЃ│сЃѕтѕЄТќГ: wbWQR9X6VW0jJq37AAAh
2026-02-14 09:05:59 +00:00: ­Ъћї сѓ»сЃЕсѓцсѓбсЃ│сЃѕТјЦуХџ: GoF24esWx0bJdFB1AAAj
2026-02-14 09:06:12 +00:00: ­Ъћї сѓ»сЃЕсѓцсѓбсЃ│сЃѕтѕЄТќГ: GoF24esWx0bJdFB1AAAj
2026-02-14 09:06:18 +00:00: ­Ъћї сѓ»сЃЕсѓцсѓбсЃ│сЃѕТјЦуХџ: oGCY0QUXe3sNqD9HAAAl
2026-02-14 09:06:34 +00:00: ­Ъћї сѓ»сЃЕсѓцсѓбсЃ│сЃѕтѕЄТќГ: oGCY0QUXe3sNqD9HAAAl
2026-02-14 09:06:51 +00:00: ­Ъћї сѓ»сЃЕсѓцсѓбсЃ│сЃѕТјЦуХџ: wU3oV4mG7stfuoLUAAAn
2026-02-14 09:07:30 +00:00: ­Ъћї сѓ»сЃЕсѓцсѓбсЃ│сЃѕтѕЄТќГ: wU3oV4mG7stfuoLUAAAn
2026-02-14 09:08:28 +00:00: ­Ъћї сѓ»сЃЕсѓцсѓбсЃ│сЃѕТјЦуХџ: xDUU0QmurovRt15GAAAp
2026-02-14 09:09:20 +00:00: РюЁ тѕ░уЮђжђџуЪЦ: W-34
2026-02-14 09:09:23 +00:00: ­Ъћї сѓ»сЃЕсѓцсѓбсЃ│сЃѕтѕЄТќГ: G3ZezfrjkJkjjAehAAAZ
2026-02-14 09:09:36 +00:00: ­Ъћї сѓ»сЃЕсѓцсѓбсЃ│сЃѕтѕЄТќГ: oYVhy0VaaLhinC76AAAD
2026-02-14 09:09:42 +00:00: ­Ъћї сѓ»сЃЕсѓцсѓбсЃ│сЃѕТјЦуХџ: OaOIFGgc-p7nt16VAAAr
2026-02-14 09:09:54 +00:00: ­Ъћї сѓ»сЃЕсѓцсѓбсЃ│сЃѕтѕЄТќГ: OaOIFGgc-p7nt16VAAAr
2026-02-14 09:10:11 +00:00: ­Ъћї сѓ»сЃЕсѓцсѓбсЃ│сЃѕТјЦуХџ: laTrT3XVU23c903VAAAt
2026-02-14 09:10:49 +00:00: ­Ъћї сѓ»сЃЕсѓцсѓбсЃ│сЃѕТјЦуХџ: yluLmKhNDdF6k9HcAAAv
2026-02-14 09:11:10 +00:00: ­ЪЊб тЉ╝сЂ│тЄ║сЂЌ: W-34 (сѓ┐сѓцсЃЌ: web)
2026-02-14 09:11:27 +00:00: Рџа№ИЈ СИЇтюесЃъсЃ╝сѓ»: W-34 (10тѕєтЙїсЂФУЄфтІЋсѓГсЃБсЃ│сѓ╗сЃФ)
2026-02-14 09:11:51 +00:00: ­ЪЊб тЉ╝сЂ│тЄ║сЂЌ: W-30 (сѓ┐сѓцсЃЌ: web)
2026-02-14 09:12:08 +00:00: ­Ъћї сѓ»сЃЕсѓцсѓбсЃ│сЃѕтѕЄТќГ: yluLmKhNDdF6k9HcAAAv
2026-02-14 09:12:16 +00:00: РюЁ ТАѕтєЁт«їС║є: S-33
2026-02-14 09:12:24 +00:00: Рџа№ИЈ СИЇтюесЃъсЃ╝сѓ»: W-30 (10тѕєтЙїсЂФУЄфтІЋсѓГсЃБсЃ│сѓ╗сЃФ)
2026-02-14 09:13:00 +00:00: ­Ъћї сѓ»сЃЕсѓцсѓбсЃ│сЃѕТјЦуХџ: EPAbbSWeWvTea93pAAAz
2026-02-14 09:13:45 +00:00: ­Ъћї сѓ»сЃЕсѓцсѓбсЃ│сЃѕтѕЄТќГ: EPAbbSWeWvTea93pAAAz
2026-02-14 09:19:49 +00:00: ­Ъћї сѓ»сЃЕсѓцсѓбсЃ│сЃѕтѕЄТќГ: laTrT3XVU23c903VAAAt
2026-02-14 09:19:54 +00:00: ­Ъћї сѓ»сЃЕсѓцсѓбсЃ│сЃѕТјЦуХџ: bP6BAALkIEIjP7-SAAA1
2026-02-14 09:20:18 +00:00: РюЁ Тќ░УдЈтЈЌС╗ў: S-35 (тцДС║║2/тГљ0/т╣╝0) сѓ┐сѓцсЃЌ: shop
2026-02-14 09:20:21 +00:00: РюЁ Тќ░УдЈтЈЌС╗ў: S-36 (тцДС║║2/тГљ0/т╣╝0) сѓ┐сѓцсЃЌ: shop
2026-02-14 09:20:24 +00:00: РюЁ Тќ░УдЈтЈЌС╗ў: S-37 (тцДС║║2/тГљ0/т╣╝0) сѓ┐сѓцсЃЌ: shop
2026-02-14 09:20:26 +00:00: РюЁ Тќ░УдЈтЈЌС╗ў: S-38 (тцДС║║2/тГљ0/т╣╝0) сѓ┐сѓцсЃЌ: shop
2026-02-14 09:21:05 +00:00: РюЁ Тќ░УдЈтЈЌС╗ў: S-39 (тцДС║║7/тГљ0/т╣╝0) сѓ┐сѓцсЃЌ: shop
2026-02-14 09:21:22 +00:00: ­Ъћї сѓ»сЃЕсѓцсѓбсЃ│сЃѕтѕЄТќГ: bP6BAALkIEIjP7-SAAA1
2026-02-14 09:21:27 +00:00: РЈ░ УЄфтІЋсѓГсЃБсЃ│сѓ╗сЃФ№╝ѕСИЇтюе10тѕєухїжЂј№╝Ѕ: W-34
2026-02-14 09:21:28 +00:00: ­Ъћї сѓ»сЃЕсѓцсѓбсЃ│сЃѕТјЦуХџ: AMD5sAEMHqJzR5tBAAA3
2026-02-14 09:21:49 +00:00: РюЁ ТАѕтєЁт«їС║є: S-35
2026-02-14 09:21:51 +00:00: РюЁ ТАѕтєЁт«їС║є: S-36
2026-02-14 09:21:52 +00:00: РюЁ ТАѕтєЁт«їС║є: S-37
2026-02-14 09:21:54 +00:00: РюЁ ТАѕтєЁт«їС║є: S-38
2026-02-14 09:21:58 +00:00: РюЁ ТАѕтєЁт«їС║є: S-39
2026-02-14 09:22:24 +00:00: РЈ░ УЄфтІЋсѓГсЃБсЃ│сѓ╗сЃФ№╝ѕСИЇтюе10тѕєухїжЂј№╝Ѕ: W-30
2026-02-14 09:24:06 +00:00: ­Ъћї сѓ»сЃЕсѓцсѓбсЃ│сЃѕтѕЄТќГ: AMD5sAEMHqJzR5tBAAA3
2026-02-14 09:24:22 +00:00: ­Ъћї сѓ»сЃЕсѓцсѓбсЃ│сЃѕТјЦуХџ: cagkjHSuxZqx2UeuAAA5
2026-02-14 09:36:10 +00:00: ­Ъћї сѓ»сЃЕсѓцсѓбсЃ│сЃѕТјЦуХџ: FAsoyUeqA9GHdeRtAAA7
2026-02-14 09:36:12 +00:00: ­Ъћї сѓ»сЃЕсѓцсѓбсЃ│сЃѕТјЦуХџ: NxenwgLSvUswnFdHAAA9
2026-02-14 09:36:18 +00:00: РюЁ Тќ░УдЈтЈЌС╗ў: W-40 (тцДС║║6/тГљ0/т╣╝0) сѓ┐сѓцсЃЌ: web
2026-02-14 09:36:35 +00:00: ­ЪЊб тЉ╝сЂ│тЄ║сЂЌ: W-40 (сѓ┐сѓцсЃЌ: web)
2026-02-14 09:37:12 +00:00: ­Ъћї сѓ»сЃЕсѓцсѓбсЃ│сЃѕтѕЄТќГ: FAsoyUeqA9GHdeRtAAA7
2026-02-14 09:37:12 +00:00: ­Ъћї сѓ»сЃЕсѓцсѓбсЃ│сЃѕтѕЄТќГ: NxenwgLSvUswnFdHAAA9
2026-02-14 09:37:36 +00:00: РюЁ ТАѕтєЁт«їС║є: W-40
2026-02-14 09:37:42 +00:00: ­ЪЊі ух▒УеѕсѓњсЃфсѓ╗сЃЃсЃѕсЂЌсЂЙсЂЌсЂЪ
2026-02-14 09:37:47 +00:00: ­Ъћї сѓ»сЃЕсѓцсѓбсЃ│сЃѕТјЦуХџ: c3usPbNXy73scZzXAAA_
2026-02-14 09:37:49 +00:00: ­Ъћї сѓ»сЃЕсѓцсѓбсЃ│сЃѕТјЦуХџ: GPQOminCXAqvhMRTAABB
2026-02-14 09:37:55 +00:00: ­Ъћї сѓ»сЃЕсѓцсѓбсЃ│сЃѕТјЦуХџ: bw2w2IGDHGYklFcGAABD
2026-02-14 09:37:57 +00:00: РюЁ Тќ░УдЈтЈЌС╗ў: S-41 (тцДС║║2/тГљ0/т╣╝0) сѓ┐сѓцсЃЌ: shop
2026-02-14 09:38:03 +00:00: РюЁ ТАѕтєЁт«їС║є: S-41
2026-02-14 09:38:11 +00:00: ­ЪЊі ух▒УеѕсѓњсЃфсѓ╗сЃЃсЃѕсЂЌсЂЙсЂЌсЂЪ
2026-02-14 09:38:25 +00:00: ­Ъћї сѓ»сЃЕсѓцсѓбсЃ│сЃѕтѕЄТќГ: c3usPbNXy73scZzXAAA_
2026-02-14 09:38:25 +00:00: ­Ъћї сѓ»сЃЕсѓцсѓбсЃ│сЃѕтѕЄТќГ: GPQOminCXAqvhMRTAABB
2026-02-14 09:38:25 +00:00: ­Ъћї сѓ»сЃЕсѓцсѓбсЃ│сЃѕтѕЄТќГ: bw2w2IGDHGYklFcGAABD
2026-02-14 09:48:43 +00:00: ­Ъћї сѓ»сЃЕсѓцсѓбсЃ│сЃѕтѕЄТќГ: cagkjHSuxZqx2UeuAAA5
2026-02-14 09:51:46 +00:00: ­Ъћї сѓ»сЃЕсѓцсѓбсЃ│сЃѕТјЦуХџ: t0pgpW9GIdSm7HxrAABF
2026-02-14 09:51:50 +00:00: ­Ъћї сѓ»сЃЕсѓцсѓбсЃ│сЃѕтѕЄТќГ: t0pgpW9GIdSm7HxrAABF
2026-02-14 10:17:56 +00:00: ­Ъћї сѓ»сЃЕсѓцсѓбсЃ│сЃѕТјЦуХџ: 3j8enT0oRB8GJeUDAABH
2026-02-14 10:24:10 +00:00: ­Ъћї сѓ»сЃЕсѓцсѓбсЃ│сЃѕТјЦуХџ: S43WUwgP6eK3ylUXAABJ
2026-02-14 10:26:10 +00:00: ­Ъћї сѓ»сЃЕсѓцсѓбсЃ│сЃѕтѕЄТќГ: S43WUwgP6eK3ylUXAABJ
2026-02-14 10:38:59 +00:00: ­Ъћї сѓ»сЃЕсѓцсѓбсЃ│сЃѕтѕЄТќГ: yp-Clz-u2zaZ6czvAAAd
2026-02-14 10:39:02 +00:00: ­Ъћї сѓ»сЃЕсѓцсѓбсЃ│сЃѕтѕЄТќГ: 1L0D330QRAUdXenvAAAb
2026-02-14 10:39:03 +00:00: ­Ъћї сѓ»сЃЕсѓцсѓбсЃ│сЃѕтѕЄТќГ: WPs1QcSbxHUgcvjUAAAV
2026-02-14 10:39:04 +00:00: ­Ъћї сѓ»сЃЕсѓцсѓбсЃ│сЃѕтѕЄТќГ: fYaJ9lFRhDOyY196AAAR
2026-02-14 10:39:05 +00:00: ­Ъћї сѓ»сЃЕсѓцсѓбсЃ│сЃѕтѕЄТќГ: SA-XizhdpyAr_DeoAAAP
2026-02-14 10:39:06 +00:00: ­Ъћї сѓ»сЃЕсѓцсѓбсЃ│сЃѕтѕЄТќГ: Eolwho4lM1ZXME1KAAAN
2026-02-14 10:39:08 +00:00: ­Ъћї сѓ»сЃЕсѓцсѓбсЃ│сЃѕтѕЄТќГ: fEpy5MtOBlsIPFHWAAAL
2026-02-14 10:39:10 +00:00: ­Ъћї сѓ»сЃЕсѓцсѓбсЃ│сЃѕтѕЄТќГ: GZf9Kupx9JcBqwyIAAAJ
2026-02-14 10:39:57 +00:00: ­Ъћї сѓ»сЃЕсѓцсѓбсЃ│сЃѕТјЦуХџ: nez6ZjE54xL7z1emAABL
2026-02-14 10:40:21 +00:00: ­Ъћї сѓ»сЃЕсѓцсѓбсЃ│сЃѕтѕЄТќГ: N5fpWw66CxlNSksYAAAX
2026-02-14 10:40:33 +00:00: ­Ъћї сѓ»сЃЕсѓцсѓбсЃ│сЃѕТјЦуХџ: Jh3ZIjRlp8Kxz9qzAABN
2026-02-14 10:42:01 +00:00: ­Ъћї сѓ»сЃЕсѓцсѓбсЃ│сЃѕТјЦуХџ: eDN24fFAZj7HWB_NAABP
2026-02-14 10:42:12 +00:00: ­Ъћї сѓ»сЃЕсѓцсѓбсЃ│сЃѕТјЦуХџ: JRyPP91wPc6HUnXsAABR
2026-02-14 10:42:31 +00:00: ­Ъћї сѓ»сЃЕсѓцсѓбсЃ│сЃѕтѕЄТќГ: n-l1Jk9t4I90XnewAAAH
2026-02-14 10:42:46 +00:00: ­Ъћї сѓ»сЃЕсѓцсѓбсЃ│сЃѕтѕЄТќГ: eDN24fFAZj7HWB_NAABP
2026-02-14 10:44:46 +00:00: ­Ъћї сѓ»сЃЕсѓцсѓбсЃ│сЃѕТјЦуХџ: PjI0njZ4wl8PV5lIAABT
2026-02-14 10:45:05 +00:00: ­Ъћї сѓ»сЃЕсѓцсѓбсЃ│сЃѕТјЦуХџ: sKzpB9JpjzJCUdWSAABV
2026-02-14 10:45:29 +00:00: ­Ъћї сѓ»сЃЕсѓцсѓбсЃ│сЃѕтѕЄТќГ: JRyPP91wPc6HUnXsAABR
2026-02-14 10:45:31 +00:00: ­Ъћї сѓ»сЃЕсѓцсѓбсЃ│сЃѕтѕЄТќГ: PjI0njZ4wl8PV5lIAABT
